#
# A fatal error has been detected by the Java Runtime Environment:
#
#  EXCEPTION_ACCESS_VIOLATION (0xc0000005) at pc=0x0000000000ad24b0, pid=6872, tid=0x0000000000003d50
#
# JRE version: Java(TM) SE Runtime Environment (8.0_162-b12) (build 1.8.0_162-b12)
# Java VM: Java HotSpot(TM) 64-Bit Server VM (25.162-b12 mixed mode windows-amd64 compressed oops)
# Problematic frame:
# C  0x0000000000ad24b0
#
# Failed to write core dump. Minidumps are not enabled by default on client versions of Windows
#
# If you would like to submit a bug report, please visit:
#   http://bugreport.java.com/bugreport/crash.jsp
# The crash happened outside the Java Virtual Machine in native code.
# See problematic frame for where to report the bug.
#

---------------  T H R E A D  ---------------

Current thread (0x0000000014d9a800):  JavaThread "Finalizer" daemon [_thread_in_native, id=15696, stack(0x0000000016020000,0x0000000016120000)]

siginfo: ExceptionCode=0xc0000005, ExceptionInformation=0x0000000000000008 0x0000000000ad24b0

Registers:
RAX=0x0000000000ad24b0, RBX=0x0000000025fed3b0, RCX=0x0000000014d9a9f8, RDX=0x000000001611f290
RSP=0x000000001611f1d8, RBP=0x000000001611f260, RSI=0x00000000c59c2e20, RDI=0x00000000240ad9e0
R8 =0x000000001acd8740, R9 =0x00000000114a0000, R10=0x00000000026f85fb, R11=0x000000005d9ebe30
R12=0x0000000000000000, R13=0x0000000025fed3b0, R14=0x000000001611f290, R15=0x0000000014d9a800
RIP=0x0000000000ad24b0, EFLAGS=0x0000000000010283

Top of Stack: (sp=0x000000001611f1d8)
0x000000001611f1d8:   00000000026f8627 00000000c6396fb8
0x000000001611f1e8:   0000000000000000 00000000c6397110
0x000000001611f1f8:   000000000286e460 0000000000000000
0x000000001611f208:   000000001611f220 00000000c0000be0
0x000000001611f218:   0000000008a5eaec 000000001611f220
0x000000001611f228:   0000000000000000 000000001611f290
0x000000001611f238:   0000000025ff45d8 0000000000000000
0x000000001611f248:   0000000025fed3b0 0000000000000000
0x000000001611f258:   000000001611f280 000000001611f2d8
0x000000001611f268:   00000000026e835d 0000000000000000
0x000000001611f278:   00000000026f21d8 000000001acd8740
0x000000001611f288:   000000001acd8740 00000000c6706c90
0x000000001611f298:   000000001611f298 00000000260c1c39
0x000000001611f2a8:   000000001611f2f8 00000000260ecf40
0x000000001611f2b8:   0000000000000000 00000000260c1cd8
0x000000001611f2c8:   000000001611f280 000000001611f300 

Instructions: (pc=0x0000000000ad24b0)
0x0000000000ad2490:   00 00 00 00 00 00 00 00 00 00 00 00 00 00 00 00
0x0000000000ad24a0:   00 00 00 00 00 00 00 00 00 00 00 00 00 00 00 00
0x0000000000ad24b0:   00 00 00 00 00 00 00 00 00 00 00 00 00 00 00 00
0x0000000000ad24c0:   00 00 00 00 00 00 00 00 00 00 00 00 00 00 00 00 


Register to memory mapping:

RAX=0x0000000000ad24b0 is an unknown value
RBX={method} {0x0000000025fed3b8} 'freeCallContext' '(J)V' in 'com/kenai/jffi/Foreign'
RCX=0x0000000014d9a9f8 is an unknown value
RDX=0x000000001611f290 is pointing into the stack for thread: 0x0000000014d9a800
RSP=0x000000001611f1d8 is pointing into the stack for thread: 0x0000000014d9a800
RBP=0x000000001611f260 is pointing into the stack for thread: 0x0000000014d9a800
RSI=0x00000000c59c2e20 is an oop
java.util.jar.JarFile 
 - klass: 'java/util/jar/JarFile'
RDI=0x00000000240ad9e0 is pointing into metadata
R8 =0x000000001acd8740 is an unknown value
R9 =0x00000000114a0000 is an unknown value
R10=0x00000000026f85fb is at code_begin+891 in an Interpreter codelet
method entry point (kind = native)  [0x00000000026f8280, 0x00000000026f8c40]  2496 bytes
R11=0x000000005d9ebe30 is an unknown value
R12=0x0000000000000000 is an unknown value
R13={method} {0x0000000025fed3b8} 'freeCallContext' '(J)V' in 'com/kenai/jffi/Foreign'
R14=0x000000001611f290 is pointing into the stack for thread: 0x0000000014d9a800
R15=0x0000000014d9a800 is a thread


Stack: [0x0000000016020000,0x0000000016120000],  sp=0x000000001611f1d8,  free space=1020k
Native frames: (J=compiled Java code, j=interpreted, Vv=VM code, C=native code)
C  0x0000000000ad24b0

Java frames: (J=compiled Java code, j=interpreted, Vv=VM code)
j  com.kenai.jffi.Foreign.freeCallContext(J)V+0
j  com.kenai.jffi.CallContext.finalize()V+17
J 27216% C2 java.lang.ref.Finalizer$FinalizerThread.run()V (55 bytes) @ 0x00000000075ea754 [0x00000000075ea4a0+0x2b4]
v  ~StubRoutines::call_stub

---------------  P R O C E S S  ---------------

Java Threads: ( => current thread )
  0x0000000028fcb800 JavaThread "Build operations Thread 4" [_thread_blocked, id=13120, stack(0x00000000396e0000,0x00000000397e0000)]
  0x0000000028fcb000 JavaThread "Build operations Thread 3" [_thread_blocked, id=11296, stack(0x00000000395e0000,0x00000000396e0000)]
  0x0000000028fc3000 JavaThread "Build operations Thread 2" [_thread_blocked, id=6568, stack(0x00000000394e0000,0x00000000395e0000)]
  0x0000000028fca000 JavaThread "Task worker for ':' Thread 3" [_thread_blocked, id=3440, stack(0x00000000393e0000,0x00000000394e0000)]
  0x0000000028fc2800 JavaThread "Task worker for ':' Thread 2" [_thread_blocked, id=3012, stack(0x00000000392e0000,0x00000000393e0000)]
  0x0000000028fc9800 JavaThread "Task worker for ':'" [_thread_blocked, id=9992, stack(0x00000000391e0000,0x00000000392e0000)]
  0x0000000028fc4000 JavaThread "Cache worker for Build Output Cleanup Cache (C:\Dev\asciidoctor\.gradle\buildOutputCleanup)" [_thread_blocked, id=15968, stack(0x00000000390e0000,0x00000000391e0000)]
  0x0000000028fc8800 JavaThread "Cache worker for task history cache (C:\Dev\asciidoctor\.gradle\4.5.1\taskHistory)" [_thread_blocked, id=5340, stack(0x0000000038fe0000,0x00000000390e0000)]
  0x0000000028fc1800 JavaThread "Build operations" [_thread_blocked, id=7604, stack(0x0000000038ee0000,0x0000000038fe0000)]
  0x0000000028fc1000 JavaThread "Cache worker for Artifact transforms cache (C:\Users\rosasvil\.gradle\caches\transforms-1)" [_thread_blocked, id=13400, stack(0x0000000038de0000,0x0000000038ee0000)]
  0x0000000028fc8000 JavaThread "Cache worker for file hash cache (C:\Dev\asciidoctor\.gradle\4.5.1\fileHashes)" [_thread_blocked, id=4248, stack(0x0000000038ce0000,0x0000000038de0000)]
  0x0000000028fc7000 JavaThread "Stdin handler" [_thread_blocked, id=7144, stack(0x0000000038be0000,0x0000000038ce0000)]
  0x000000001fb53800 JavaThread "Asynchronous log dispatcher for DefaultDaemonConnection: socket connection from /127.0.0.1:61038 to /127.0.0.1:61492" [_thread_blocked, id=9904, stack(0x0000000038ae0000,0x0000000038be0000)]
  0x000000001fb5a000 JavaThread "Cancel handler" [_thread_blocked, id=5456, stack(0x00000000389e0000,0x0000000038ae0000)]
  0x000000001fb52800 JavaThread "Handler for socket connection from /127.0.0.1:61038 to /127.0.0.1:61492" [_thread_in_native, id=11276, stack(0x00000000388e0000,0x00000000389e0000)]
  0x00000000291f7000 JavaThread "Daemon worker Thread 10" [_thread_in_native, id=15604, stack(0x00000000379e0000,0x0000000037ae0000)]
  0x00000000291e8800 JavaThread "Daemon Thread 10" [_thread_blocked, id=5128, stack(0x00000000376e0000,0x00000000377e0000)]
  0x00000000170fa800 JavaThread "Memory manager" [_thread_blocked, id=8740, stack(0x000000001db60000,0x000000001dc60000)]
  0x00000000170fe000 JavaThread "File lock request listener" [_thread_in_native, id=2536, stack(0x0000000019c00000,0x0000000019d00000)]
  0x00000000170f8000 JavaThread "Cache worker for file hash cache (C:\Users\rosasvil\.gradle\caches\4.5.1\fileHashes)" [_thread_blocked, id=12964, stack(0x0000000019b00000,0x0000000019c00000)]
  0x0000000016fcd000 JavaThread "Daemon periodic checks" [_thread_blocked, id=16172, stack(0x0000000019000000,0x0000000019100000)]
  0x0000000017085800 JavaThread "Incoming local TCP Connector on port 61038" [_thread_in_native, id=2320, stack(0x0000000018b20000,0x0000000018c20000)]
  0x0000000017b84800 JavaThread "Daemon health stats" [_thread_blocked, id=8540, stack(0x00000000184e0000,0x00000000185e0000)]
  0x0000000016740800 JavaThread "Service Thread" daemon [_thread_blocked, id=8664, stack(0x0000000016b10000,0x0000000016c10000)]
  0x0000000014dbc800 JavaThread "C1 CompilerThread2" daemon [_thread_blocked, id=10184, stack(0x0000000016610000,0x0000000016710000)]
  0x0000000014db7000 JavaThread "C2 CompilerThread1" daemon [_thread_blocked, id=16200, stack(0x0000000016510000,0x0000000016610000)]
  0x0000000014daf800 JavaThread "C2 CompilerThread0" daemon [_thread_blocked, id=888, stack(0x0000000016410000,0x0000000016510000)]
  0x0000000014dad800 JavaThread "Attach Listener" daemon [_thread_blocked, id=8624, stack(0x0000000016310000,0x0000000016410000)]
  0x0000000014daa000 JavaThread "Signal Dispatcher" daemon [_thread_blocked, id=11188, stack(0x0000000016210000,0x0000000016310000)]
=>0x0000000014d9a800 JavaThread "Finalizer" daemon [_thread_in_native, id=15696, stack(0x0000000016020000,0x0000000016120000)]
  0x00000000026d0000 JavaThread "Reference Handler" daemon [_thread_blocked, id=4288, stack(0x0000000015f20000,0x0000000016020000)]
  0x000000000253e000 JavaThread "main" [_thread_blocked, id=8536, stack(0x0000000002430000,0x0000000002530000)]

Other Threads:
  0x0000000014d77800 VMThread [stack: 0x0000000015e20000,0x0000000015f20000] [id=9764]
  0x000000001674a000 WatcherThread [stack: 0x0000000016c10000,0x0000000016d10000] [id=424]

VM state:not at safepoint (normal execution)

VM Mutex/Monitor currently owned by a thread: None

Heap:
 PSYoungGen      total 232960K, used 1717K [0x00000000eab00000, 0x0000000100000000, 0x0000000100000000)
  eden space 116736K, 1% used [0x00000000eab00000,0x00000000eacad4c8,0x00000000f1d00000)
  from space 116224K, 0% used [0x00000000f8e80000,0x00000000f8e80000,0x0000000100000000)
  to   space 116224K, 0% used [0x00000000f1d00000,0x00000000f1d00000,0x00000000f8e80000)
 ParOldGen       total 570880K, used 292473K [0x00000000c0000000, 0x00000000e2d80000, 0x00000000eab00000)
  object space 570880K, 51% used [0x00000000c0000000,0x00000000d1d9e4d0,0x00000000e2d80000)
 Metaspace       used 432079K, capacity 436122K, committed 450352K, reserved 1411072K
  class space    used 83063K, capacity 84126K, committed 88112K, reserved 1048576K

Card table byte_map: [0x0000000011aa0000,0x0000000011cb0000] byte_map_base: 0x00000000114a0000

Marking Bits: (ParMarkBitMap*) 0x000000005dfe0860
 Begin Bits: [0x0000000012210000, 0x0000000013210000)
 End Bits:   [0x0000000013210000, 0x0000000014210000)

Polling page: 0x0000000000bd0000

CodeCache: size=245760Kb used=153825Kb max_used=153858Kb free=91934Kb
 bounds [0x00000000026e0000, 0x000000000bdf0000, 0x00000000116e0000]
 total_blobs=46123 nmethods=45242 adapters=793
 compilation: enabled

Compilation events (10 events):
Event: 1935.996 Thread 0x0000000014dbc800 52853       1       org.jruby.Ruby::getClassClass (5 bytes)
Event: 1935.998 Thread 0x0000000014dbc800 nmethod 52853 0x000000000bde4bd0 code [0x000000000bde4d20, 0x000000000bde4e30]
Event: 1935.998 Thread 0x0000000014dbc800 52854       3       com.headius.options.Option::load (17 bytes)
Event: 1936.000 Thread 0x0000000014dbc800 nmethod 52854 0x000000000bdea310 code [0x000000000bdea480, 0x000000000bdeaa08]
Event: 1936.158 Thread 0x0000000014dbc800 52855       1       org.jruby.RubyModule::getParent (5 bytes)
Event: 1936.159 Thread 0x0000000014dbc800 nmethod 52855 0x000000000bde4850 code [0x000000000bde49a0, 0x000000000bde4ab0]
Event: 1936.201 Thread 0x0000000014dbc800 52856       3       org.jruby.internal.runtime.methods.JavaMethod$JavaMethodZeroOrN::<init> (7 bytes)
Event: 1936.202 Thread 0x0000000014dbc800 nmethod 52856 0x000000000bdeab10 code [0x000000000bdeaca0, 0x000000000bdeafe8]
Event: 1940.072 Thread 0x0000000014dbc800 52857       3       org.jruby.runtime.Frame::<init> (19 bytes)
Event: 1940.073 Thread 0x0000000014dbc800 nmethod 52857 0x000000000bdeb210 code [0x000000000bdeb380, 0x000000000bdeb570]

GC Heap History (10 events):
Event: 1801.568 GC heap before
{Heap before GC invocations=41 (full 6):
 PSYoungGen      total 232960K, used 210396K [0x00000000eab00000, 0x0000000100000000, 0x0000000100000000)
  eden space 116736K, 100% used [0x00000000eab00000,0x00000000f1d00000,0x00000000f1d00000)
  from space 116224K, 80% used [0x00000000f8e80000,0x00000000fe9f7060,0x0000000100000000)
  to   space 116224K, 0% used [0x00000000f1d00000,0x00000000f1d00000,0x00000000f8e80000)
 ParOldGen       total 429056K, used 201684K [0x00000000c0000000, 0x00000000da300000, 0x00000000eab00000)
  object space 429056K, 47% used [0x00000000c0000000,0x00000000cc4f5160,0x00000000da300000)
 Metaspace       used 420938K, capacity 425018K, committed 425192K, reserved 1392640K
  class space    used 80584K, capacity 81638K, committed 81712K, reserved 1048576K
Event: 1801.958 GC heap after
Heap after GC invocations=41 (full 6):
 PSYoungGen      total 232960K, used 78548K [0x00000000eab00000, 0x0000000100000000, 0x0000000100000000)
  eden space 116736K, 0% used [0x00000000eab00000,0x00000000eab00000,0x00000000f1d00000)
  from space 116224K, 67% used [0x00000000f1d00000,0x00000000f69b53e8,0x00000000f8e80000)
  to   space 116224K, 0% used [0x00000000f8e80000,0x00000000f8e80000,0x0000000100000000)
 ParOldGen       total 429056K, used 228584K [0x00000000c0000000, 0x00000000da300000, 0x00000000eab00000)
  object space 429056K, 53% used [0x00000000c0000000,0x00000000cdf3a0c8,0x00000000da300000)
 Metaspace       used 420938K, capacity 425018K, committed 425192K, reserved 1392640K
  class space    used 80584K, capacity 81638K, committed 81712K, reserved 1048576K
}
Event: 1879.278 GC heap before
{Heap before GC invocations=42 (full 6):
 PSYoungGen      total 232960K, used 195284K [0x00000000eab00000, 0x0000000100000000, 0x0000000100000000)
  eden space 116736K, 100% used [0x00000000eab00000,0x00000000f1d00000,0x00000000f1d00000)
  from space 116224K, 67% used [0x00000000f1d00000,0x00000000f69b53e8,0x00000000f8e80000)
  to   space 116224K, 0% used [0x00000000f8e80000,0x00000000f8e80000,0x0000000100000000)
 ParOldGen       total 429056K, used 228584K [0x00000000c0000000, 0x00000000da300000, 0x00000000eab00000)
  object space 429056K, 53% used [0x00000000c0000000,0x00000000cdf3a0c8,0x00000000da300000)
 Metaspace       used 434157K, capacity 438320K, committed 438632K, reserved 1402880K
  class space    used 83540K, capacity 84609K, committed 84656K, reserved 1048576K
Event: 1879.506 GC heap after
Heap after GC invocations=42 (full 6):
 PSYoungGen      total 232960K, used 58960K [0x00000000eab00000, 0x0000000100000000, 0x0000000100000000)
  eden space 116736K, 0% used [0x00000000eab00000,0x00000000eab00000,0x00000000f1d00000)
  from space 116224K, 50% used [0x00000000f8e80000,0x00000000fc8142b0,0x0000000100000000)
  to   space 116224K, 0% used [0x00000000f1d00000,0x00000000f1d00000,0x00000000f8e80000)
 ParOldGen       total 429056K, used 253334K [0x00000000c0000000, 0x00000000da300000, 0x00000000eab00000)
  object space 429056K, 59% used [0x00000000c0000000,0x00000000cf765a28,0x00000000da300000)
 Metaspace       used 434157K, capacity 438320K, committed 438632K, reserved 1402880K
  class space    used 83540K, capacity 84609K, committed 84656K, reserved 1048576K
}
Event: 1890.580 GC heap before
{Heap before GC invocations=43 (full 6):
 PSYoungGen      total 232960K, used 175696K [0x00000000eab00000, 0x0000000100000000, 0x0000000100000000)
  eden space 116736K, 100% used [0x00000000eab00000,0x00000000f1d00000,0x00000000f1d00000)
  from space 116224K, 50% used [0x00000000f8e80000,0x00000000fc8142b0,0x0000000100000000)
  to   space 116224K, 0% used [0x00000000f1d00000,0x00000000f1d00000,0x00000000f8e80000)
 ParOldGen       total 429056K, used 253334K [0x00000000c0000000, 0x00000000da300000, 0x00000000eab00000)
  object space 429056K, 59% used [0x00000000c0000000,0x00000000cf765a28,0x00000000da300000)
 Metaspace       used 443346K, capacity 447492K, committed 447848K, reserved 1411072K
  class space    used 84801K, capacity 85870K, committed 85936K, reserved 1048576K
Event: 1890.738 GC heap after
Heap after GC invocations=43 (full 6):
 PSYoungGen      total 232960K, used 49763K [0x00000000eab00000, 0x0000000100000000, 0x0000000100000000)
  eden space 116736K, 0% used [0x00000000eab00000,0x00000000eab00000,0x00000000f1d00000)
  from space 116224K, 42% used [0x00000000f1d00000,0x00000000f4d98c68,0x00000000f8e80000)
  to   space 116224K, 0% used [0x00000000f8e80000,0x00000000f8e80000,0x0000000100000000)
 ParOldGen       total 429056K, used 271623K [0x00000000c0000000, 0x00000000da300000, 0x00000000eab00000)
  object space 429056K, 63% used [0x00000000c0000000,0x00000000d0941f08,0x00000000da300000)
 Metaspace       used 443346K, capacity 447492K, committed 447848K, reserved 1411072K
  class space    used 84801K, capacity 85870K, committed 85936K, reserved 1048576K
}
Event: 1936.274 GC heap before
{Heap before GC invocations=44 (full 6):
 PSYoungGen      total 232960K, used 120374K [0x00000000eab00000, 0x0000000100000000, 0x0000000100000000)
  eden space 116736K, 60% used [0x00000000eab00000,0x00000000eeff4f08,0x00000000f1d00000)
  from space 116224K, 42% used [0x00000000f1d00000,0x00000000f4d98c68,0x00000000f8e80000)
  to   space 116224K, 0% used [0x00000000f8e80000,0x00000000f8e80000,0x0000000100000000)
 ParOldGen       total 429056K, used 271623K [0x00000000c0000000, 0x00000000da300000, 0x00000000eab00000)
  object space 429056K, 63% used [0x00000000c0000000,0x00000000d0941f08,0x00000000da300000)
 Metaspace       used 452163K, capacity 456376K, committed 456496K, reserved 1417216K
  class space    used 86977K, capacity 88086K, committed 88112K, reserved 1048576K
Event: 1936.401 GC heap after
Heap after GC invocations=44 (full 6):
 PSYoungGen      total 232960K, used 34753K [0x00000000eab00000, 0x0000000100000000, 0x0000000100000000)
  eden space 116736K, 0% used [0x00000000eab00000,0x00000000eab00000,0x00000000f1d00000)
  from space 116224K, 29% used [0x00000000f8e80000,0x00000000fb070548,0x0000000100000000)
  to   space 116224K, 0% used [0x00000000f1d00000,0x00000000f1d00000,0x00000000f8e80000)
 ParOldGen       total 429056K, used 286479K [0x00000000c0000000, 0x00000000da300000, 0x00000000eab00000)
  object space 429056K, 66% used [0x00000000c0000000,0x00000000d17c3d60,0x00000000da300000)
 Metaspace       used 452163K, capacity 456376K, committed 456496K, reserved 1417216K
  class space    used 86977K, capacity 88086K, committed 88112K, reserved 1048576K
}
Event: 1936.401 GC heap before
{Heap before GC invocations=45 (full 7):
 PSYoungGen      total 232960K, used 34753K [0x00000000eab00000, 0x0000000100000000, 0x0000000100000000)
  eden space 116736K, 0% used [0x00000000eab00000,0x00000000eab00000,0x00000000f1d00000)
  from space 116224K, 29% used [0x00000000f8e80000,0x00000000fb070548,0x0000000100000000)
  to   space 116224K, 0% used [0x00000000f1d00000,0x00000000f1d00000,0x00000000f8e80000)
 ParOldGen       total 429056K, used 286479K [0x00000000c0000000, 0x00000000da300000, 0x00000000eab00000)
  object space 429056K, 66% used [0x00000000c0000000,0x00000000d17c3d60,0x00000000da300000)
 Metaspace       used 452163K, capacity 456376K, committed 456496K, reserved 1417216K
  class space    used 86977K, capacity 88086K, committed 88112K, reserved 1048576K
Event: 1939.989 GC heap after
Heap after GC invocations=45 (full 7):
 PSYoungGen      total 232960K, used 0K [0x00000000eab00000, 0x0000000100000000, 0x0000000100000000)
  eden space 116736K, 0% used [0x00000000eab00000,0x00000000eab00000,0x00000000f1d00000)
  from space 116224K, 0% used [0x00000000f8e80000,0x00000000f8e80000,0x0000000100000000)
  to   space 116224K, 0% used [0x00000000f1d00000,0x00000000f1d00000,0x00000000f8e80000)
 ParOldGen       total 570880K, used 292473K [0x00000000c0000000, 0x00000000e2d80000, 0x00000000eab00000)
  object space 570880K, 51% used [0x00000000c0000000,0x00000000d1d9e4d0,0x00000000e2d80000)
 Metaspace       used 431836K, capacity 435866K, committed 450352K, reserved 1411072K
  class space    used 83003K, capacity 84062K, committed 88112K, reserved 1048576K
}

Deoptimization events (10 events):
Event: 1892.240 Thread 0x00000000291f7000 Uncommon trap: reason=unstable_if action=reinterpret pc=0x000000000bc73cec method=org.jcodings.specific.BaseUTF8Encoding.isNewLine([BII)Z @ 10
Event: 1892.247 Thread 0x00000000291f7000 Uncommon trap: reason=unstable_if action=reinterpret pc=0x000000000b7503f0 method=org.joni.Matcher.searchInterruptible(III)I @ 662
Event: 1939.998 Thread 0x0000000014d9a800 Uncommon trap: reason=null_check action=make_not_entrant pc=0x00000000062f8654 method=java.lang.ThreadLocal$ThreadLocalMap.getEntryAfterMiss(Ljava/lang/ThreadLocal;ILjava/lang/ThreadLocal$ThreadLocalMap$Entry;)Ljava/lang/ThreadLocal$ThreadLocalMap$Entry; 
Event: 1939.999 Thread 0x0000000014d9a800 Uncommon trap: reason=null_check action=make_not_entrant pc=0x0000000005bbe458 method=org.jruby.internal.runtime.ThreadService.getCurrentContext()Lorg/jruby/runtime/ThreadContext; @ 15
Event: 1940.027 Thread 0x0000000014d9a800 Uncommon trap: reason=null_check action=make_not_entrant pc=0x0000000004a75c58 method=org.jruby.internal.runtime.ThreadService.getCurrentContext()Lorg/jruby/runtime/ThreadContext; @ 15
Event: 1940.051 Thread 0x0000000014d9a800 Uncommon trap: reason=null_check action=make_not_entrant pc=0x000000000462b3d8 method=org.jruby.internal.runtime.ThreadService.getCurrentContext()Lorg/jruby/runtime/ThreadContext; @ 15
Event: 1940.058 Thread 0x0000000014d9a800 Uncommon trap: reason=null_check action=make_not_entrant pc=0x0000000008016a60 method=org.jruby.internal.runtime.ThreadService.getCurrentContext()Lorg/jruby/runtime/ThreadContext; @ 15
Event: 1940.064 Thread 0x0000000014d9a800 Uncommon trap: reason=null_check action=make_not_entrant pc=0x00000000078f55fc method=org.jruby.internal.runtime.ThreadService.getCurrentContext()Lorg/jruby/runtime/ThreadContext; @ 15
Event: 1940.071 Thread 0x0000000014d9a800 Uncommon trap: reason=null_check action=make_not_entrant pc=0x00000000070bbed8 method=org.jruby.internal.runtime.ThreadService.getCurrentContext()Lorg/jruby/runtime/ThreadContext; @ 15
Event: 1940.073 Thread 0x0000000014d9a800 Uncommon trap: reason=null_check action=make_not_entrant pc=0x0000000006a1e258 method=org.jruby.internal.runtime.ThreadService.getCurrentContext()Lorg/jruby/runtime/ThreadContext; @ 15

Classes redefined (0 events):
No events

Internal exceptions (10 events):
Event: 1890.354 Thread 0x00000000291f7000 Implicit null exception at 0x000000000bcad608 to 0x000000000bcaf0ed
Event: 1890.356 Thread 0x00000000291f7000 Implicit null exception at 0x000000000bc9ded2 to 0x000000000bc9e015
Event: 1891.569 Thread 0x00000000291f7000 Implicit null exception at 0x000000000b678df2 to 0x000000000b67c499
Event: 1932.661 Thread 0x00000000291f7000 Implicit null exception at 0x0000000005fdcfb2 to 0x0000000005fdd666
Event: 1932.661 Thread 0x00000000291f7000 Exception <a 'java/lang/NullPointerException'> (0x00000000ebd937e0) thrown at [C:\re\workspace\8-2-build-windows-amd64-cygwin\jdk8u162\10278\hotspot\src\share\vm\runtime\sharedRuntime.cpp, line 605]
Event: 1932.681 Thread 0x00000000291f7000 Implicit null exception at 0x0000000005fdcfb2 to 0x0000000005fdd666
Event: 1932.681 Thread 0x00000000291f7000 Exception <a 'java/lang/NullPointerException'> (0x00000000ebd98fd8) thrown at [C:\re\workspace\8-2-build-windows-amd64-cygwin\jdk8u162\10278\hotspot\src\share\vm\runtime\sharedRuntime.cpp, line 605]
Event: 1932.918 Thread 0x00000000291f7000 Exception <a 'java/lang/ClassNotFoundException': org/asciidoctor/Asciidoctor$FactoryBeanInfo> (0x00000000ebe78c88) thrown at [C:\re\workspace\8-2-build-windows-amd64-cygwin\jdk8u162\10278\hotspot\src\share\vm\classfile\systemDictionary.cpp, line 210]
Event: 1932.919 Thread 0x00000000291f7000 Exception <a 'java/lang/ClassNotFoundException': org/asciidoctor/Asciidoctor$FactoryCustomizer> (0x00000000ebe7ee28) thrown at [C:\re\workspace\8-2-build-windows-amd64-cygwin\jdk8u162\10278\hotspot\src\share\vm\classfile\systemDictionary.cpp, line 210]
Event: 1939.998 Thread 0x0000000014d9a800 Implicit null exception at 0x00000000062f81e3 to 0x00000000062f8631

Events (10 events):
Event: 1940.072 Executing VM operation: RevokeBias done
Event: 1940.073 Thread 0x0000000014d9a800 Uncommon trap: trap_request=0xfffffff4 fr.pc=0x0000000006a1e258
Event: 1940.073 Thread 0x0000000014d9a800 DEOPT PACKING pc=0x0000000006a1e258 sp=0x000000001611f160
Event: 1940.073 Thread 0x0000000014d9a800 DEOPT UNPACKING pc=0x000000000272583b sp=0x000000001611f118 mode 2
Event: 1940.073 Executing VM operation: RevokeBias
Event: 1940.073 Executing VM operation: RevokeBias done
Event: 1940.074 Thread 0x0000000014dbc800 flushing nmethod 0x000000000288ad90
Event: 1940.074 Thread 0x0000000014dbc800 flushing nmethod 0x00000000029227d0
Event: 1940.075 Executing VM operation: RevokeBias
Event: 1940.075 Executing VM operation: RevokeBias done


Dynamic libraries:
0x00007ff7e9bb0000 - 0x00007ff7e9be7000 	C:\Program Files\Java\jdk1.8.0_162\bin\java.exe
0x00007ffc08400000 - 0x00007ffc085db000 	C:\windows\SYSTEM32\ntdll.dll
0x00007ffc07e90000 - 0x00007ffc07f3e000 	C:\windows\System32\KERNEL32.DLL
0x00007ffc05560000 - 0x00007ffc057a9000 	C:\windows\System32\KERNELBASE.dll
0x00007ffc07b20000 - 0x00007ffc07bc1000 	C:\windows\System32\ADVAPI32.dll
0x00007ffc08100000 - 0x00007ffc0819d000 	C:\windows\System32\msvcrt.dll
0x00007ffc07dd0000 - 0x00007ffc07e29000 	C:\windows\System32\sechost.dll
0x00007ffc05e50000 - 0x00007ffc05f75000 	C:\windows\System32\RPCRT4.dll
0x00007ffc07840000 - 0x00007ffc0798a000 	C:\windows\System32\USER32.dll
0x00007ffc04920000 - 0x00007ffc0493e000 	C:\windows\System32\win32u.dll
0x00007ffc07af0000 - 0x00007ffc07b17000 	C:\windows\System32\GDI32.dll
0x00007ffc04bd0000 - 0x00007ffc04d57000 	C:\windows\System32\gdi32full.dll
0x00007ffc054c0000 - 0x00007ffc0555a000 	C:\windows\System32\msvcp_win.dll
0x00007ffc057b0000 - 0x00007ffc058a6000 	C:\windows\System32\ucrtbase.dll
0x00007ffbffc40000 - 0x00007ffbffea7000 	C:\windows\WinSxS\amd64_microsoft.windows.common-controls_6595b64144ccf1df_6.0.15063.483_none_26002d27e7c744a2\COMCTL32.dll
0x00007ffc05fe0000 - 0x00007ffc062d9000 	C:\windows\System32\combase.dll
0x00007ffc04940000 - 0x00007ffc049aa000 	C:\windows\System32\bcryptPrimitives.dll
0x00007ffc07720000 - 0x00007ffc0774d000 	C:\windows\System32\IMM32.DLL
0x00007ffbf5d80000 - 0x00007ffbf5e27000 	C:\Program Files\McAfee\Host Intrusion Prevention\HcApi.dll
0x0000000060510000 - 0x000000006051c000 	C:\Program Files\McAfee\Host Intrusion Prevention\HcThe.dll
0x000000005f100000 - 0x000000005f1d1000 	C:\Program Files\Java\jdk1.8.0_162\jre\bin\msvcr100.dll
0x000000005d7c0000 - 0x000000005e060000 	C:\Program Files\Java\jdk1.8.0_162\jre\bin\server\jvm.dll
0x00007ffc05e40000 - 0x00007ffc05e48000 	C:\windows\System32\PSAPI.DLL
0x00007ffbff8a0000 - 0x00007ffbff8c3000 	C:\windows\SYSTEM32\WINMM.dll
0x00007ffbfe960000 - 0x00007ffbfe96a000 	C:\windows\SYSTEM32\VERSION.dll
0x00007ffbff840000 - 0x00007ffbff86b000 	C:\windows\SYSTEM32\winmmbase.dll
0x00007ffbfa160000 - 0x00007ffbfa169000 	C:\windows\SYSTEM32\WSOCK32.dll
0x00007ffc049b0000 - 0x00007ffc049f9000 	C:\windows\System32\cfgmgr32.dll
0x00007ffc07bd0000 - 0x00007ffc07c3c000 	C:\windows\System32\WS2_32.dll
0x0000000060490000 - 0x000000006049f000 	C:\Program Files\Java\jdk1.8.0_162\jre\bin\verify.dll
0x0000000060460000 - 0x0000000060489000 	C:\Program Files\Java\jdk1.8.0_162\jre\bin\java.dll
0x00000000600f0000 - 0x0000000060106000 	C:\Program Files\Java\jdk1.8.0_162\jre\bin\zip.dll
0x00007ffc062e0000 - 0x00007ffc07717000 	C:\windows\System32\SHELL32.dll
0x00007ffc07f40000 - 0x00007ffc07fea000 	C:\windows\System32\shcore.dll
0x00007ffc04d60000 - 0x00007ffc05451000 	C:\windows\System32\windows.storage.dll
0x00007ffc05f80000 - 0x00007ffc05fd1000 	C:\windows\System32\shlwapi.dll
0x00007ffc04890000 - 0x00007ffc048a1000 	C:\windows\System32\kernel.appcore.dll
0x00007ffc048b0000 - 0x00007ffc048fc000 	C:\windows\System32\powrprof.dll
0x00007ffc04870000 - 0x00007ffc04885000 	C:\windows\System32\profapi.dll
0x00000000600d0000 - 0x00000000600ea000 	C:\Program Files\Java\jdk1.8.0_162\jre\bin\net.dll
0x00007ffc03df0000 - 0x00007ffc03e4c000 	C:\windows\system32\mswsock.dll
0x00000000600b0000 - 0x00000000600c1000 	C:\Program Files\Java\jdk1.8.0_162\jre\bin\nio.dll
0x00007ffc04170000 - 0x00007ffc0418e000 	C:\Users\rosasvil\.gradle\native\25\windows-amd64\native-platform.dll
0x00000000600a0000 - 0x00000000600ad000 	C:\Program Files\Java\jdk1.8.0_162\jre\bin\management.dll
0x00007ffc04280000 - 0x00007ffc04297000 	C:\windows\SYSTEM32\CRYPTSP.dll
0x00007ffc03a20000 - 0x00007ffc03a54000 	C:\windows\system32\rsaenh.dll
0x00007ffc042a0000 - 0x00007ffc042c5000 	C:\windows\SYSTEM32\bcrypt.dll
0x00007ffc047a0000 - 0x00007ffc047c9000 	C:\windows\SYSTEM32\USERENV.dll
0x00007ffc03f90000 - 0x00007ffc03f9b000 	C:\windows\SYSTEM32\CRYPTBASE.dll
0x00007ffc03b90000 - 0x00007ffc03bc7000 	C:\windows\SYSTEM32\IPHLPAPI.DLL
0x00007ffc07990000 - 0x00007ffc07998000 	C:\windows\System32\NSI.dll
0x00007ffbff720000 - 0x00007ffbff736000 	C:\windows\SYSTEM32\dhcpcsvc6.DLL
0x00007ffbff500000 - 0x00007ffbff51a000 	C:\windows\SYSTEM32\dhcpcsvc.DLL
0x000000006e4c0000 - 0x000000006e4df000 	C:\Users\rosasvil\AppData\Local\Temp\jffi4501604115646409787.dll
0x0000000002560000 - 0x000000000257f000 	C:\Users\rosasvil\AppData\Local\Temp\jffi6248472820873586673.dll
0x0000000002580000 - 0x000000000259f000 	C:\Users\rosasvil\AppData\Local\Temp\jffi6364225163554669582.dll
0x00000000025a0000 - 0x00000000025bf000 	C:\Users\rosasvil\AppData\Local\Temp\jffi1155846622265528473.dll
0x000000001add0000 - 0x000000001adef000 	C:\Users\rosasvil\AppData\Local\Temp\jffi6201350014070653618.dll
0x000000001adf0000 - 0x000000001ae0f000 	C:\Users\rosasvil\AppData\Local\Temp\jffi7780360219464678993.dll
0x000000001ae10000 - 0x000000001ae2f000 	C:\Users\rosasvil\AppData\Local\Temp\jffi6619543329660475782.dll
0x000000001ae30000 - 0x000000001ae4f000 	C:\Users\rosasvil\AppData\Local\Temp\jffi3624552931462631839.dll
0x000000001ae50000 - 0x000000001ae6f000 	C:\Users\rosasvil\AppData\Local\Temp\jffi358758036701098868.dll
0x00007ffc04440000 - 0x00007ffc045e9000 	C:\windows\SYSTEM32\dbghelp.dll

VM Arguments:
jvm_args: -XX:+HeapDumpOnOutOfMemoryError -Xmx1024m -Dfile.encoding=windows-1252 -Duser.country=US -Duser.language=en -Duser.variant 
java_command: org.gradle.launcher.daemon.bootstrap.GradleDaemon 4.5.1
java_class_path (initial): C:\Program Files\Gradle\gradle-4.5.1\lib\gradle-launcher-4.5.1.jar
Launcher Type: SUN_STANDARD

Environment Variables:
CLASSPATH=C:\Program Files\Gradle\gradle-4.5.1\bin\..\lib\gradle-launcher-4.5.1.jar
PATH=C:\ProgramData\Oracle\Java\javapath;C:\windows\system32;C:\windows;C:\windows\System32\Wbem;C:\windows\System32\WindowsPowerShell\v1.0\;C:\Program Files\Gradle\gradle-4.5.1\bin;C:\Program Files\Maven\apache-maven-3.5.2\bin;C:\Program Files\Git\cmd;C:\Users\rosasvil\AppData\Local\Microsoft\WindowsApps;
USERNAME=rosasvil
OS=Windows_NT
PROCESSOR_IDENTIFIER=AMD64 Family 21 Model 96 Stepping 1, AuthenticAMD



---------------  S Y S T E M  ---------------

OS: Windows 10.0 , 64 bit Build 15063 (10.0.15063.296)

CPU:total 4 (initial active 4) (4 cores per cpu, 1 threads per core) family 21 model 96 stepping 1, cmov, cx8, fxsr, mmx, sse, sse2, sse3, ssse3, sse4.1, sse4.2, popcnt, avx, avx2, aes, clmul, mmxext, 3dnowpref, lzcnt, sse4a, tsc, tscinvbit, tscinv, bmi1

Memory: 4k page, physical 7776616k(1043572k free), swap 9676008k(1293188k free)

vm_info: Java HotSpot(TM) 64-Bit Server VM (25.162-b12) for windows-amd64 JRE (1.8.0_162-b12), built on Dec 19 2017 20:00:03 by "java_re" with MS VC++ 10.0 (VS2010)

time: Thu Feb 22 12:22:32 2018
elapsed time: 1940 seconds (0d 0h 32m 20s)

