#
# A fatal error has been detected by the Java Runtime Environment:
#
#  EXCEPTION_ACCESS_VIOLATION (0xc0000005) at pc=0x0000000000ce24b0, pid=8000, tid=0x00000000000029cc
#
# JRE version: Java(TM) SE Runtime Environment (8.0_162-b12) (build 1.8.0_162-b12)
# Java VM: Java HotSpot(TM) 64-Bit Server VM (25.162-b12 mixed mode windows-amd64 compressed oops)
# Problematic frame:
# C  0x0000000000ce24b0
#
# Failed to write core dump. Minidumps are not enabled by default on client versions of Windows
#
# If you would like to submit a bug report, please visit:
#   http://bugreport.java.com/bugreport/crash.jsp
# The crash happened outside the Java Virtual Machine in native code.
# See problematic frame for where to report the bug.
#

---------------  T H R E A D  ---------------

Current thread (0x00000000028ba800):  JavaThread "Finalizer" daemon [_thread_in_native, id=10700, stack(0x00000000162a0000,0x00000000163a0000)]

siginfo: ExceptionCode=0xc0000005, ExceptionInformation=0x0000000000000008 0x0000000000ce24b0

Registers:
RAX=0x0000000000ce24b0, RBX=0x0000000029130220, RCX=0x00000000028ba9f8, RDX=0x000000001639ee70
RSP=0x000000001639edb8, RBP=0x000000001639ee40, RSI=0x00000000c6786c60, RDI=0x0000000005500c2c
R8 =0x000000001d97bbe0, R9 =0x0000000011740000, R10=0x00000000029985fb, R11=0x000000005d9ebe30
R12=0x0000000000000000, R13=0x0000000029130220, R14=0x000000001639ee70, R15=0x00000000028ba800
RIP=0x0000000000ce24b0, EFLAGS=0x0000000000010283

Top of Stack: (sp=0x000000001639edb8)
0x000000001639edb8:   0000000002998627 00000000c7cb4358
0x000000001639edc8:   0000000000000000 00000000c7cb44b0
0x000000001639edd8:   00000000034da7a0 0000000000000000
0x000000001639ede8:   000000001639ee00 00000000c0000b08
0x000000001639edf8:   000000000313506c 000000001639ee00
0x000000001639ee08:   0000000000000000 000000001639ee70
0x000000001639ee18:   00000000291373c0 0000000000000000
0x000000001639ee28:   0000000029130220 0000000000000000
0x000000001639ee38:   000000001639ee60 000000001639eeb8
0x000000001639ee48:   000000000298835d 0000000000000000
0x000000001639ee58:   00000000029921d8 000000001d97bbe0
0x000000001639ee68:   000000001d97bbe0 00000000c6614cb0
0x000000001639ee78:   000000001639ee78 0000000029204ed1
0x000000001639ee88:   000000001639eed8 00000000292302d0
0x000000001639ee98:   0000000000000000 0000000029204f70
0x000000001639eea8:   000000001639ee60 000000001639eee0 

Instructions: (pc=0x0000000000ce24b0)
0x0000000000ce2490:   00 00 00 00 00 00 00 00 00 00 00 00 00 00 00 00
0x0000000000ce24a0:   00 00 00 00 00 00 00 00 00 00 00 00 00 00 00 00
0x0000000000ce24b0:   00 00 00 00 00 00 00 00 00 00 00 00 00 00 00 00
0x0000000000ce24c0:   00 00 00 00 00 00 00 00 00 00 00 00 00 00 00 00 


Register to memory mapping:

RAX=0x0000000000ce24b0 is an unknown value
RBX={method} {0x0000000029130228} 'freeCallContext' '(J)V' in 'com/kenai/jffi/Foreign'
RCX=0x00000000028ba9f8 is an unknown value
RDX=0x000000001639ee70 is pointing into the stack for thread: 0x00000000028ba800
RSP=0x000000001639edb8 is pointing into the stack for thread: 0x00000000028ba800
RBP=0x000000001639ee40 is pointing into the stack for thread: 0x00000000028ba800
RSI=0x00000000c6786c60 is an oop
java.util.jar.JarFile 
 - klass: 'java/util/jar/JarFile'
RDI=0x0000000005500c2c is at entry_point+5260 in (nmethod*)0x00000000054ff490
R8 =0x000000001d97bbe0 is an unknown value
R9 =0x0000000011740000 is an unknown value
R10=0x00000000029985fb is at code_begin+891 in an Interpreter codelet
method entry point (kind = native)  [0x0000000002998280, 0x0000000002998c40]  2496 bytes
R11=0x000000005d9ebe30 is an unknown value
R12=0x0000000000000000 is an unknown value
R13={method} {0x0000000029130228} 'freeCallContext' '(J)V' in 'com/kenai/jffi/Foreign'
R14=0x000000001639ee70 is pointing into the stack for thread: 0x00000000028ba800
R15=0x00000000028ba800 is a thread


Stack: [0x00000000162a0000,0x00000000163a0000],  sp=0x000000001639edb8,  free space=1019k
Native frames: (J=compiled Java code, j=interpreted, Vv=VM code, C=native code)
C  0x0000000000ce24b0

Java frames: (J=compiled Java code, j=interpreted, Vv=VM code)
j  com.kenai.jffi.Foreign.freeCallContext(J)V+0
j  com.kenai.jffi.CallContext.finalize()V+17
J 28273% C2 java.lang.ref.Finalizer$FinalizerThread.run()V (55 bytes) @ 0x00000000079e8c94 [0x00000000079e89e0+0x2b4]
v  ~StubRoutines::call_stub

---------------  P R O C E S S  ---------------

Java Threads: ( => current thread )
  0x000000002be8a800 JavaThread "Build operations Thread 4" [_thread_blocked, id=13492, stack(0x0000000039730000,0x0000000039830000)]
  0x000000002be8f000 JavaThread "Build operations Thread 3" [_thread_blocked, id=2316, stack(0x0000000039630000,0x0000000039730000)]
  0x000000002be8e000 JavaThread "Build operations Thread 2" [_thread_blocked, id=2612, stack(0x0000000039530000,0x0000000039630000)]
  0x000000002410e000 JavaThread "Task worker for ':' Thread 3" [_thread_blocked, id=3756, stack(0x0000000039430000,0x0000000039530000)]
  0x000000002410d800 JavaThread "Task worker for ':' Thread 2" [_thread_blocked, id=11996, stack(0x0000000039330000,0x0000000039430000)]
  0x000000002410c800 JavaThread "Task worker for ':'" [_thread_in_native, id=2964, stack(0x0000000039230000,0x0000000039330000)]
  0x000000002410c000 JavaThread "Cache worker for Build Output Cleanup Cache (C:\Dev\asciidoctor\.gradle\buildOutputCleanup)" [_thread_blocked, id=14588, stack(0x0000000039130000,0x0000000039230000)]
  0x000000002410b000 JavaThread "Cache worker for task history cache (C:\Dev\asciidoctor\.gradle\4.5.1\taskHistory)" [_thread_blocked, id=15084, stack(0x0000000039030000,0x0000000039130000)]
  0x000000002410a800 JavaThread "Build operations" [_thread_blocked, id=3300, stack(0x0000000038f30000,0x0000000039030000)]
  0x0000000024103000 JavaThread "Cache worker for Artifact transforms cache (C:\Users\rosasvil\.gradle\caches\transforms-1)" [_thread_blocked, id=16428, stack(0x0000000038e30000,0x0000000038f30000)]
  0x0000000024109800 JavaThread "Cache worker for file hash cache (C:\Dev\asciidoctor\.gradle\4.5.1\fileHashes)" [_thread_blocked, id=5632, stack(0x0000000038d30000,0x0000000038e30000)]
  0x0000000024109000 JavaThread "Stdin handler" [_thread_blocked, id=16412, stack(0x0000000038c30000,0x0000000038d30000)]
  0x0000000024103800 JavaThread "Asynchronous log dispatcher for DefaultDaemonConnection: socket connection from /127.0.0.1:51183 to /127.0.0.1:52465" [_thread_blocked, id=7668, stack(0x0000000038b30000,0x0000000038c30000)]
  0x0000000024101800 JavaThread "Cancel handler" [_thread_blocked, id=3956, stack(0x0000000038a30000,0x0000000038b30000)]
  0x0000000024108000 JavaThread "Handler for socket connection from /127.0.0.1:51183 to /127.0.0.1:52465" [_thread_in_native, id=13652, stack(0x0000000038930000,0x0000000038a30000)]
  0x0000000028174000 JavaThread "Daemon worker Thread 14" [_thread_blocked, id=1384, stack(0x0000000037a30000,0x0000000037b30000)]
  0x0000000028172800 JavaThread "Daemon Thread 14" [_thread_blocked, id=10804, stack(0x0000000037730000,0x0000000037830000)]
  0x0000000017eba000 JavaThread "Memory manager" [_thread_blocked, id=6984, stack(0x000000001dd70000,0x000000001de70000)]
  0x0000000017eb9800 JavaThread "File lock request listener" [_thread_in_native, id=12700, stack(0x0000000019e80000,0x0000000019f80000)]
  0x0000000017eb5800 JavaThread "Cache worker for file hash cache (C:\Users\rosasvil\.gradle\caches\4.5.1\fileHashes)" [_thread_blocked, id=12860, stack(0x0000000019d80000,0x0000000019e80000)]
  0x0000000017b62000 JavaThread "Daemon periodic checks" [_thread_blocked, id=16940, stack(0x0000000019280000,0x0000000019380000)]
  0x0000000017d1c000 JavaThread "Incoming local TCP Connector on port 51183" [_thread_in_native, id=16524, stack(0x0000000018da0000,0x0000000018ea0000)]
  0x000000001709d000 JavaThread "Daemon health stats" [_thread_blocked, id=16260, stack(0x0000000018760000,0x0000000018860000)]
  0x00000000169c1800 JavaThread "Service Thread" daemon [_thread_blocked, id=400, stack(0x0000000016d90000,0x0000000016e90000)]
  0x000000001505c800 JavaThread "C1 CompilerThread2" daemon [_thread_blocked, id=12276, stack(0x0000000016890000,0x0000000016990000)]
  0x0000000015053800 JavaThread "C2 CompilerThread1" daemon [_thread_blocked, id=7484, stack(0x0000000016790000,0x0000000016890000)]
  0x000000001504f800 JavaThread "C2 CompilerThread0" daemon [_thread_blocked, id=2320, stack(0x0000000016690000,0x0000000016790000)]
  0x000000001504d800 JavaThread "Attach Listener" daemon [_thread_blocked, id=3608, stack(0x0000000016590000,0x0000000016690000)]
  0x000000001504a000 JavaThread "Signal Dispatcher" daemon [_thread_blocked, id=4252, stack(0x0000000016490000,0x0000000016590000)]
=>0x00000000028ba800 JavaThread "Finalizer" daemon [_thread_in_native, id=10700, stack(0x00000000162a0000,0x00000000163a0000)]
  0x00000000028b0000 JavaThread "Reference Handler" daemon [_thread_blocked, id=15928, stack(0x00000000161a0000,0x00000000162a0000)]
  0x000000000297e000 JavaThread "main" [_thread_blocked, id=9348, stack(0x00000000025d0000,0x00000000026d0000)]

Other Threads:
  0x0000000015017800 VMThread [stack: 0x00000000160a0000,0x00000000161a0000] [id=6012]
  0x00000000169cb000 WatcherThread [stack: 0x0000000016e90000,0x0000000016f90000] [id=1220]

VM state:not at safepoint (normal execution)

VM Mutex/Monitor currently owned by a thread:  ([mutex/lock_event])
[0x000000000297d9d0] SystemDictionary_lock - owner thread: 0x0000000000000000

Heap:
 PSYoungGen      total 232960K, used 3425K [0x00000000eab00000, 0x0000000100000000, 0x0000000100000000)
  eden space 116736K, 2% used [0x00000000eab00000,0x00000000eae58478,0x00000000f1d00000)
  from space 116224K, 0% used [0x00000000f8e80000,0x00000000f8e80000,0x0000000100000000)
  to   space 116224K, 0% used [0x00000000f1d00000,0x00000000f1d00000,0x00000000f8e80000)
 ParOldGen       total 498688K, used 261915K [0x00000000c0000000, 0x00000000de700000, 0x00000000eab00000)
  object space 498688K, 52% used [0x00000000c0000000,0x00000000cffc6c10,0x00000000de700000)
 Metaspace       used 391933K, capacity 395748K, committed 427824K, reserved 1388544K
  class space    used 75094K, capacity 76107K, committed 87976K, reserved 1048576K

Card table byte_map: [0x0000000011d40000,0x0000000011f50000] byte_map_base: 0x0000000011740000

Marking Bits: (ParMarkBitMap*) 0x000000005dfe0860
 Begin Bits: [0x00000000124b0000, 0x00000000134b0000)
 End Bits:   [0x00000000134b0000, 0x00000000144b0000)

Polling page: 0x0000000000db0000

CodeCache: size=245760Kb used=153026Kb max_used=153689Kb free=92733Kb
 bounds [0x0000000002980000, 0x000000000c070000, 0x0000000011980000]
 total_blobs=46615 nmethods=45734 adapters=793
 compilation: enabled

Compilation events (10 events):
Event: 3876.545 Thread 0x000000001505c800 53409       3       com.headius.options.Option::load (17 bytes)
Event: 3876.546 Thread 0x000000001505c800 nmethod 53409 0x000000000b9f2950 code [0x000000000b9f2ac0, 0x000000000b9f3048]
Event: 3881.214 Thread 0x000000001505c800 53410   !   3       java.security.Provider$Service::newInstance (416 bytes)
Event: 3881.226 Thread 0x000000001505c800 nmethod 53410 0x000000000b7e1f50 code [0x000000000b7e2680, 0x000000000b7e7518]
Event: 3881.244 Thread 0x000000001505c800 53411       1       org.jruby.RubyModule::getParent (5 bytes)
Event: 3881.245 Thread 0x000000001505c800 nmethod 53411 0x0000000002cd3910 code [0x0000000002cd3a60, 0x0000000002cd3b70]
Event: 3881.261 Thread 0x000000001505c800 53413       1       java.lang.Object::finalize (1 bytes)
Event: 3881.262 Thread 0x000000001505c800 nmethod 53413 0x0000000002cd3610 code [0x0000000002cd3760, 0x0000000002cd3870]
Event: 3881.276 Thread 0x000000001505c800 53412       3       org.jruby.runtime.Frame::<init> (19 bytes)
Event: 3881.277 Thread 0x000000001505c800 nmethod 53412 0x0000000003b58d90 code [0x0000000003b58f00, 0x0000000003b590f0]

GC Heap History (10 events):
Event: 3622.327 GC heap before
{Heap before GC invocations=41 (full 6):
 PSYoungGen      total 232960K, used 221164K [0x00000000eab00000, 0x0000000100000000, 0x0000000100000000)
  eden space 116736K, 100% used [0x00000000eab00000,0x00000000f1d00000,0x00000000f1d00000)
  from space 116224K, 89% used [0x00000000f8e80000,0x00000000ff47b320,0x0000000100000000)
  to   space 116224K, 0% used [0x00000000f1d00000,0x00000000f1d00000,0x00000000f8e80000)
 ParOldGen       total 400896K, used 187157K [0x00000000c0000000, 0x00000000d8780000, 0x00000000eab00000)
  object space 400896K, 46% used [0x00000000c0000000,0x00000000cb6c54b0,0x00000000d8780000)
 Metaspace       used 420475K, capacity 424578K, committed 424808K, reserved 1392640K
  class space    used 80492K, capacity 81547K, committed 81576K, reserved 1048576K
Event: 3622.742 GC heap after
Heap after GC invocations=41 (full 6):
 PSYoungGen      total 232960K, used 103349K [0x00000000eab00000, 0x0000000100000000, 0x0000000100000000)
  eden space 116736K, 0% used [0x00000000eab00000,0x00000000eab00000,0x00000000f1d00000)
  from space 116224K, 88% used [0x00000000f1d00000,0x00000000f81ed760,0x00000000f8e80000)
  to   space 116224K, 0% used [0x00000000f8e80000,0x00000000f8e80000,0x0000000100000000)
 ParOldGen       total 400896K, used 199342K [0x00000000c0000000, 0x00000000d8780000, 0x00000000eab00000)
  object space 400896K, 49% used [0x00000000c0000000,0x00000000cc2aba28,0x00000000d8780000)
 Metaspace       used 420475K, capacity 424578K, committed 424808K, reserved 1392640K
  class space    used 80492K, capacity 81547K, committed 81576K, reserved 1048576K
}
Event: 3830.481 GC heap before
{Heap before GC invocations=42 (full 6):
 PSYoungGen      total 232960K, used 220085K [0x00000000eab00000, 0x0000000100000000, 0x0000000100000000)
  eden space 116736K, 100% used [0x00000000eab00000,0x00000000f1d00000,0x00000000f1d00000)
  from space 116224K, 88% used [0x00000000f1d00000,0x00000000f81ed760,0x00000000f8e80000)
  to   space 116224K, 0% used [0x00000000f8e80000,0x00000000f8e80000,0x0000000100000000)
 ParOldGen       total 400896K, used 199342K [0x00000000c0000000, 0x00000000d8780000, 0x00000000eab00000)
  object space 400896K, 49% used [0x00000000c0000000,0x00000000cc2aba28,0x00000000d8780000)
 Metaspace       used 432999K, capacity 437124K, committed 437480K, reserved 1402880K
  class space    used 83171K, capacity 84255K, committed 84264K, reserved 1048576K
Event: 3830.679 GC heap after
Heap after GC invocations=42 (full 6):
 PSYoungGen      total 232960K, used 85653K [0x00000000eab00000, 0x0000000100000000, 0x0000000100000000)
  eden space 116736K, 0% used [0x00000000eab00000,0x00000000eab00000,0x00000000f1d00000)
  from space 116224K, 73% used [0x00000000f8e80000,0x00000000fe225568,0x0000000100000000)
  to   space 116224K, 0% used [0x00000000f1d00000,0x00000000f1d00000,0x00000000f8e80000)
 ParOldGen       total 400896K, used 222170K [0x00000000c0000000, 0x00000000d8780000, 0x00000000eab00000)
  object space 400896K, 55% used [0x00000000c0000000,0x00000000cd8f6950,0x00000000d8780000)
 Metaspace       used 432999K, capacity 437124K, committed 437480K, reserved 1402880K
  class space    used 83171K, capacity 84255K, committed 84264K, reserved 1048576K
}
Event: 3837.477 GC heap before
{Heap before GC invocations=43 (full 6):
 PSYoungGen      total 232960K, used 202389K [0x00000000eab00000, 0x0000000100000000, 0x0000000100000000)
  eden space 116736K, 100% used [0x00000000eab00000,0x00000000f1d00000,0x00000000f1d00000)
  from space 116224K, 73% used [0x00000000f8e80000,0x00000000fe225568,0x0000000100000000)
  to   space 116224K, 0% used [0x00000000f1d00000,0x00000000f1d00000,0x00000000f8e80000)
 ParOldGen       total 400896K, used 222170K [0x00000000c0000000, 0x00000000d8780000, 0x00000000eab00000)
  object space 400896K, 55% used [0x00000000c0000000,0x00000000cd8f6950,0x00000000d8780000)
 Metaspace       used 443607K, capacity 447806K, committed 448104K, reserved 1411072K
  class space    used 84791K, capacity 85869K, committed 85928K, reserved 1048576K
Event: 3837.661 GC heap after
Heap after GC invocations=43 (full 6):
 PSYoungGen      total 232960K, used 74620K [0x00000000eab00000, 0x0000000100000000, 0x0000000100000000)
  eden space 116736K, 0% used [0x00000000eab00000,0x00000000eab00000,0x00000000f1d00000)
  from space 116224K, 64% used [0x00000000f1d00000,0x00000000f65df098,0x00000000f8e80000)
  to   space 116224K, 0% used [0x00000000f8e80000,0x00000000f8e80000,0x0000000100000000)
 ParOldGen       total 400896K, used 243336K [0x00000000c0000000, 0x00000000d8780000, 0x00000000eab00000)
  object space 400896K, 60% used [0x00000000c0000000,0x00000000ceda2398,0x00000000d8780000)
 Metaspace       used 443607K, capacity 447806K, committed 448104K, reserved 1411072K
  class space    used 84791K, capacity 85869K, committed 85928K, reserved 1048576K
}
Event: 3876.622 GC heap before
{Heap before GC invocations=44 (full 6):
 PSYoungGen      total 232960K, used 142054K [0x00000000eab00000, 0x0000000100000000, 0x0000000100000000)
  eden space 116736K, 57% used [0x00000000eab00000,0x00000000eecda918,0x00000000f1d00000)
  from space 116224K, 64% used [0x00000000f1d00000,0x00000000f65df098,0x00000000f8e80000)
  to   space 116224K, 0% used [0x00000000f8e80000,0x00000000f8e80000,0x0000000100000000)
 ParOldGen       total 400896K, used 243336K [0x00000000c0000000, 0x00000000d8780000, 0x00000000eab00000)
  object space 400896K, 60% used [0x00000000c0000000,0x00000000ceda2398,0x00000000d8780000)
 Metaspace       used 452118K, capacity 456306K, committed 456496K, reserved 1417216K
  class space    used 86838K, capacity 87957K, committed 87976K, reserved 1048576K
Event: 3876.804 GC heap after
Heap after GC invocations=44 (full 6):
 PSYoungGen      total 232960K, used 49526K [0x00000000eab00000, 0x0000000100000000, 0x0000000100000000)
  eden space 116736K, 0% used [0x00000000eab00000,0x00000000eab00000,0x00000000f1d00000)
  from space 116224K, 42% used [0x00000000f8e80000,0x00000000fbedd970,0x0000000100000000)
  to   space 116224K, 0% used [0x00000000f1d00000,0x00000000f1d00000,0x00000000f8e80000)
 ParOldGen       total 400896K, used 266879K [0x00000000c0000000, 0x00000000d8780000, 0x00000000eab00000)
  object space 400896K, 66% used [0x00000000c0000000,0x00000000d049fd70,0x00000000d8780000)
 Metaspace       used 452118K, capacity 456306K, committed 456496K, reserved 1417216K
  class space    used 86838K, capacity 87957K, committed 87976K, reserved 1048576K
}
Event: 3876.804 GC heap before
{Heap before GC invocations=45 (full 7):
 PSYoungGen      total 232960K, used 49526K [0x00000000eab00000, 0x0000000100000000, 0x0000000100000000)
  eden space 116736K, 0% used [0x00000000eab00000,0x00000000eab00000,0x00000000f1d00000)
  from space 116224K, 42% used [0x00000000f8e80000,0x00000000fbedd970,0x0000000100000000)
  to   space 116224K, 0% used [0x00000000f1d00000,0x00000000f1d00000,0x00000000f8e80000)
 ParOldGen       total 400896K, used 266879K [0x00000000c0000000, 0x00000000d8780000, 0x00000000eab00000)
  object space 400896K, 66% used [0x00000000c0000000,0x00000000d049fd70,0x00000000d8780000)
 Metaspace       used 452118K, capacity 456306K, committed 456496K, reserved 1417216K
  class space    used 86838K, capacity 87957K, committed 87976K, reserved 1048576K
Event: 3881.194 GC heap after
Heap after GC invocations=45 (full 7):
 PSYoungGen      total 232960K, used 0K [0x00000000eab00000, 0x0000000100000000, 0x0000000100000000)
  eden space 116736K, 0% used [0x00000000eab00000,0x00000000eab00000,0x00000000f1d00000)
  from space 116224K, 0% used [0x00000000f8e80000,0x00000000f8e80000,0x0000000100000000)
  to   space 116224K, 0% used [0x00000000f1d00000,0x00000000f1d00000,0x00000000f8e80000)
 ParOldGen       total 498688K, used 261915K [0x00000000c0000000, 0x00000000de700000, 0x00000000eab00000)
  object space 498688K, 52% used [0x00000000c0000000,0x00000000cffc6c10,0x00000000de700000)
 Metaspace       used 391413K, capacity 395204K, committed 427824K, reserved 1388544K
  class space    used 74951K, capacity 75947K, committed 87976K, reserved 1048576K
}

Deoptimization events (10 events):
Event: 3838.476 Thread 0x000000002be93800 Uncommon trap: reason=speculate_class_check action=maybe_recompile pc=0x000000000bf99ea0 method=org.jcodings.Encoding.prevCharHead([BIII)I @ 15
Event: 3838.477 Thread 0x000000002be93800 Uncommon trap: reason=speculate_class_check action=maybe_recompile pc=0x000000000bf99ea0 method=org.jcodings.Encoding.prevCharHead([BIII)I @ 15
Event: 3838.477 Thread 0x000000002be93800 Uncommon trap: reason=speculate_class_check action=maybe_recompile pc=0x000000000bf99ea0 method=org.jcodings.Encoding.prevCharHead([BIII)I @ 15
Event: 3839.014 Thread 0x000000002be93800 Uncommon trap: reason=unstable_if action=reinterpret pc=0x000000000bff6d74 method=org.jcodings.specific.BaseUTF8Encoding.isNewLine([BII)Z @ 10
Event: 3839.014 Thread 0x000000002be93800 Uncommon trap: reason=unstable_if action=reinterpret pc=0x000000000bdfd26c method=org.jcodings.specific.BaseUTF8Encoding.isNewLine([BII)Z @ 10
Event: 3881.222 Thread 0x00000000028ba800 Uncommon trap: reason=null_check action=make_not_entrant pc=0x0000000006c767d8 method=org.jruby.internal.runtime.ThreadService.getCurrentContext()Lorg/jruby/runtime/ThreadContext; @ 15
Event: 3881.225 Thread 0x00000000028ba800 Uncommon trap: reason=null_check action=make_not_entrant pc=0x000000000738bbbc method=org.jruby.internal.runtime.ThreadService.getCurrentContext()Lorg/jruby/runtime/ThreadContext; @ 15
Event: 3881.233 Thread 0x00000000028ba800 Uncommon trap: reason=null_check action=make_not_entrant pc=0x000000000654ab98 method=org.jruby.internal.runtime.ThreadService.getCurrentContext()Lorg/jruby/runtime/ThreadContext; @ 15
Event: 3881.247 Thread 0x00000000028ba800 Uncommon trap: reason=null_check action=make_not_entrant pc=0x0000000005917798 method=org.jruby.internal.runtime.ThreadService.getCurrentContext()Lorg/jruby/runtime/ThreadContext; @ 15
Event: 3881.266 Thread 0x00000000028ba800 Uncommon trap: reason=null_check action=make_not_entrant pc=0x0000000007afd6bc method=org.jruby.internal.runtime.ThreadService.getCurrentContext()Lorg/jruby/runtime/ThreadContext; @ 15

Classes redefined (0 events):
No events

Internal exceptions (10 events):
Event: 3836.784 Thread 0x000000002be93800 Exception <a 'java/lang/UnsatisfiedLinkError': The specified procedure could not be found.
> (0x00000000f16cbfe0) thrown at [C:\re\workspace\8-2-build-windows-amd64-cygwin\jdk8u162\10278\hotspot\src\share\vm\prims\jni.cpp, line 735]
Event: 3837.665 Thread 0x00000000028ba800 Implicit null exception at 0x0000000009f8f424 to 0x0000000009f8f925
Event: 3837.908 Thread 0x000000002be93800 Implicit null exception at 0x000000000be4b9e8 to 0x000000000be4d3ad
Event: 3837.913 Thread 0x000000002be93800 Implicit null exception at 0x000000000be30512 to 0x000000000be30655
Event: 3874.281 Thread 0x000000002410c800 Implicit null exception at 0x0000000002c705f2 to 0x0000000002c70ca6
Event: 3874.281 Thread 0x000000002410c800 Exception <a 'java/lang/NullPointerException'> (0x00000000ec279af8) thrown at [C:\re\workspace\8-2-build-windows-amd64-cygwin\jdk8u162\10278\hotspot\src\share\vm\runtime\sharedRuntime.cpp, line 605]
Event: 3874.287 Thread 0x000000002410c800 Implicit null exception at 0x0000000002c705f2 to 0x0000000002c70ca6
Event: 3874.287 Thread 0x000000002410c800 Exception <a 'java/lang/NullPointerException'> (0x00000000ec27ef80) thrown at [C:\re\workspace\8-2-build-windows-amd64-cygwin\jdk8u162\10278\hotspot\src\share\vm\runtime\sharedRuntime.cpp, line 605]
Event: 3874.433 Thread 0x000000002410c800 Exception <a 'java/lang/ClassNotFoundException': org/asciidoctor/Asciidoctor$FactoryBeanInfo> (0x00000000ec438e40) thrown at [C:\re\workspace\8-2-build-windows-amd64-cygwin\jdk8u162\10278\hotspot\src\share\vm\classfile\systemDictionary.cpp, line 210]
Event: 3874.435 Thread 0x000000002410c800 Exception <a 'java/lang/ClassNotFoundException': org/asciidoctor/Asciidoctor$FactoryCustomizer> (0x00000000ec43d5b8) thrown at [C:\re\workspace\8-2-build-windows-amd64-cygwin\jdk8u162\10278\hotspot\src\share\vm\classfile\systemDictionary.cpp, line 210]

Events (10 events):
Event: 3881.273 Thread 0x000000001505c800 flushing nmethod 0x0000000004251710
Event: 3881.274 Thread 0x000000001505c800 flushing nmethod 0x00000000042bcc10
Event: 3881.274 Executing VM operation: RevokeBias
Event: 3881.275 Executing VM operation: RevokeBias done
Event: 3881.275 Thread 0x000000001505c800 flushing nmethod 0x000000000433a610
Event: 3881.275 Thread 0x000000001505c800 flushing nmethod 0x00000000043567d0
Event: 3881.278 Thread 0x000000001505c800 flushing nmethod 0x00000000044bb190
Event: 3881.278 Thread 0x000000001505c800 flushing nmethod 0x00000000044cc550
Event: 3881.279 Thread 0x000000001505c800 flushing nmethod 0x00000000044ee790
Event: 3881.279 Thread 0x000000001505c800 flushing nmethod 0x0000000004524f90


Dynamic libraries:
0x00007ff668c30000 - 0x00007ff668c67000 	C:\Program Files\Java\jdk1.8.0_162\bin\java.exe
0x00007ffc08400000 - 0x00007ffc085db000 	C:\windows\SYSTEM32\ntdll.dll
0x00007ffc07e90000 - 0x00007ffc07f3e000 	C:\windows\System32\KERNEL32.DLL
0x00007ffc05560000 - 0x00007ffc057a9000 	C:\windows\System32\KERNELBASE.dll
0x00007ffc07b20000 - 0x00007ffc07bc1000 	C:\windows\System32\ADVAPI32.dll
0x00007ffc08100000 - 0x00007ffc0819d000 	C:\windows\System32\msvcrt.dll
0x00007ffc07dd0000 - 0x00007ffc07e29000 	C:\windows\System32\sechost.dll
0x00007ffc05e50000 - 0x00007ffc05f75000 	C:\windows\System32\RPCRT4.dll
0x00007ffc07840000 - 0x00007ffc0798a000 	C:\windows\System32\USER32.dll
0x00007ffc04920000 - 0x00007ffc0493e000 	C:\windows\System32\win32u.dll
0x00007ffc07af0000 - 0x00007ffc07b17000 	C:\windows\System32\GDI32.dll
0x00007ffc04bd0000 - 0x00007ffc04d57000 	C:\windows\System32\gdi32full.dll
0x00007ffc054c0000 - 0x00007ffc0555a000 	C:\windows\System32\msvcp_win.dll
0x00007ffc057b0000 - 0x00007ffc058a6000 	C:\windows\System32\ucrtbase.dll
0x00007ffbffc40000 - 0x00007ffbffea7000 	C:\windows\WinSxS\amd64_microsoft.windows.common-controls_6595b64144ccf1df_6.0.15063.483_none_26002d27e7c744a2\COMCTL32.dll
0x00007ffc05fe0000 - 0x00007ffc062d9000 	C:\windows\System32\combase.dll
0x00007ffc04940000 - 0x00007ffc049aa000 	C:\windows\System32\bcryptPrimitives.dll
0x00007ffc07720000 - 0x00007ffc0774d000 	C:\windows\System32\IMM32.DLL
0x00007ffbf5d80000 - 0x00007ffbf5e27000 	C:\Program Files\McAfee\Host Intrusion Prevention\HcApi.dll
0x0000000060510000 - 0x000000006051c000 	C:\Program Files\McAfee\Host Intrusion Prevention\HcThe.dll
0x000000005ee30000 - 0x000000005ef01000 	C:\Program Files\Java\jdk1.8.0_162\jre\bin\msvcr100.dll
0x000000005d7c0000 - 0x000000005e060000 	C:\Program Files\Java\jdk1.8.0_162\jre\bin\server\jvm.dll
0x00007ffc05e40000 - 0x00007ffc05e48000 	C:\windows\System32\PSAPI.DLL
0x00007ffbfe960000 - 0x00007ffbfe96a000 	C:\windows\SYSTEM32\VERSION.dll
0x00007ffbfa160000 - 0x00007ffbfa169000 	C:\windows\SYSTEM32\WSOCK32.dll
0x00007ffc07bd0000 - 0x00007ffc07c3c000 	C:\windows\System32\WS2_32.dll
0x00007ffbff8a0000 - 0x00007ffbff8c3000 	C:\windows\SYSTEM32\WINMM.dll
0x00007ffbff840000 - 0x00007ffbff86b000 	C:\windows\SYSTEM32\WINMMBASE.dll
0x00007ffc049b0000 - 0x00007ffc049f9000 	C:\windows\System32\cfgmgr32.dll
0x000000005ee20000 - 0x000000005ee2f000 	C:\Program Files\Java\jdk1.8.0_162\jre\bin\verify.dll
0x000000005edf0000 - 0x000000005ee19000 	C:\Program Files\Java\jdk1.8.0_162\jre\bin\java.dll
0x000000005edd0000 - 0x000000005ede6000 	C:\Program Files\Java\jdk1.8.0_162\jre\bin\zip.dll
0x00007ffc062e0000 - 0x00007ffc07717000 	C:\windows\System32\SHELL32.dll
0x00007ffc07f40000 - 0x00007ffc07fea000 	C:\windows\System32\shcore.dll
0x00007ffc04d60000 - 0x00007ffc05451000 	C:\windows\System32\windows.storage.dll
0x00007ffc05f80000 - 0x00007ffc05fd1000 	C:\windows\System32\shlwapi.dll
0x00007ffc04890000 - 0x00007ffc048a1000 	C:\windows\System32\kernel.appcore.dll
0x00007ffc048b0000 - 0x00007ffc048fc000 	C:\windows\System32\powrprof.dll
0x00007ffc04870000 - 0x00007ffc04885000 	C:\windows\System32\profapi.dll
0x000000005edb0000 - 0x000000005edca000 	C:\Program Files\Java\jdk1.8.0_162\jre\bin\net.dll
0x00007ffc03df0000 - 0x00007ffc03e4c000 	C:\windows\system32\mswsock.dll
0x000000005ed90000 - 0x000000005eda1000 	C:\Program Files\Java\jdk1.8.0_162\jre\bin\nio.dll
0x00007ffbffc20000 - 0x00007ffbffc3e000 	C:\Users\rosasvil\.gradle\native\25\windows-amd64\native-platform.dll
0x000000005ed80000 - 0x000000005ed8d000 	C:\Program Files\Java\jdk1.8.0_162\jre\bin\management.dll
0x00007ffc04280000 - 0x00007ffc04297000 	C:\windows\SYSTEM32\CRYPTSP.dll
0x00007ffc03a20000 - 0x00007ffc03a54000 	C:\windows\system32\rsaenh.dll
0x00007ffc042a0000 - 0x00007ffc042c5000 	C:\windows\SYSTEM32\bcrypt.dll
0x00007ffc047a0000 - 0x00007ffc047c9000 	C:\windows\SYSTEM32\USERENV.dll
0x00007ffc03f90000 - 0x00007ffc03f9b000 	C:\windows\SYSTEM32\CRYPTBASE.dll
0x00007ffc03b90000 - 0x00007ffc03bc7000 	C:\windows\SYSTEM32\IPHLPAPI.DLL
0x00007ffc07990000 - 0x00007ffc07998000 	C:\windows\System32\NSI.dll
0x00007ffbff720000 - 0x00007ffbff736000 	C:\windows\SYSTEM32\dhcpcsvc6.DLL
0x00007ffbff500000 - 0x00007ffbff51a000 	C:\windows\SYSTEM32\dhcpcsvc.DLL
0x0000000002710000 - 0x000000000272f000 	C:\Users\rosasvil\AppData\Local\Temp\jffi995119231739893919.dll
0x0000000002730000 - 0x000000000274f000 	C:\Users\rosasvil\AppData\Local\Temp\jffi8732610578573686384.dll
0x0000000002750000 - 0x000000000276f000 	C:\Users\rosasvil\AppData\Local\Temp\jffi9074939034366987390.dll
0x0000000002790000 - 0x00000000027af000 	C:\Users\rosasvil\AppData\Local\Temp\jffi2364293645402814365.dll
0x00000000028c0000 - 0x00000000028df000 	C:\Users\rosasvil\AppData\Local\Temp\jffi8219984493759156420.dll
0x00000000028e0000 - 0x00000000028ff000 	C:\Users\rosasvil\AppData\Local\Temp\jffi3033606109298767612.dll
0x00007ffc04440000 - 0x00007ffc045e9000 	C:\windows\SYSTEM32\dbghelp.dll

VM Arguments:
jvm_args: -XX:+HeapDumpOnOutOfMemoryError -Xmx1024m -Dfile.encoding=windows-1252 -Duser.country=US -Duser.language=en -Duser.variant 
java_command: org.gradle.launcher.daemon.bootstrap.GradleDaemon 4.5.1
java_class_path (initial): C:\Program Files\Gradle\gradle-4.5.1\lib\gradle-launcher-4.5.1.jar
Launcher Type: SUN_STANDARD

Environment Variables:
CLASSPATH=C:\Program Files\Gradle\gradle-4.5.1\bin\..\lib\gradle-launcher-4.5.1.jar
PATH=C:\ProgramData\Oracle\Java\javapath;C:\windows\system32;C:\windows;C:\windows\System32\Wbem;C:\windows\System32\WindowsPowerShell\v1.0\;C:\Program Files\Gradle\gradle-4.5.1\bin;C:\Program Files\Maven\apache-maven-3.5.2\bin;C:\Program Files\Git\cmd;C:\Users\rosasvil\AppData\Local\Microsoft\WindowsApps;
USERNAME=rosasvil
OS=Windows_NT
PROCESSOR_IDENTIFIER=AMD64 Family 21 Model 96 Stepping 1, AuthenticAMD



---------------  S Y S T E M  ---------------

OS: Windows 10.0 , 64 bit Build 15063 (10.0.15063.296)

CPU:total 4 (initial active 4) (4 cores per cpu, 1 threads per core) family 21 model 96 stepping 1, cmov, cx8, fxsr, mmx, sse, sse2, sse3, ssse3, sse4.1, sse4.2, popcnt, avx, avx2, aes, clmul, mmxext, 3dnowpref, lzcnt, sse4a, tsc, tscinvbit, tscinv, bmi1

Memory: 4k page, physical 7776616k(1479196k free), swap 9676008k(2631024k free)

vm_info: Java HotSpot(TM) 64-Bit Server VM (25.162-b12) for windows-amd64 JRE (1.8.0_162-b12), built on Dec 19 2017 20:00:03 by "java_re" with MS VC++ 10.0 (VS2010)

time: Fri Feb 23 10:29:20 2018
elapsed time: 3881 seconds (0d 1h 4m 41s)

