#
# A fatal error has been detected by the Java Runtime Environment:
#
#  EXCEPTION_ACCESS_VIOLATION (0xc0000005) at pc=0x0000000002b424b0, pid=11248, tid=0x0000000000002a8c
#
# JRE version: Java(TM) SE Runtime Environment (8.0_162-b12) (build 1.8.0_162-b12)
# Java VM: Java HotSpot(TM) 64-Bit Server VM (25.162-b12 mixed mode windows-amd64 compressed oops)
# Problematic frame:
# C  0x0000000002b424b0
#
# Failed to write core dump. Minidumps are not enabled by default on client versions of Windows
#
# If you would like to submit a bug report, please visit:
#   http://bugreport.java.com/bugreport/crash.jsp
# The crash happened outside the Java Virtual Machine in native code.
# See problematic frame for where to report the bug.
#

---------------  T H R E A D  ---------------

Current thread (0x000000001559a800):  JavaThread "Finalizer" daemon [_thread_in_native, id=10892, stack(0x0000000016810000,0x0000000016910000)]

siginfo: ExceptionCode=0xc0000005, ExceptionInformation=0x0000000000000008 0x0000000002b424b0

Registers:
RAX=0x0000000002b424b0, RBX=0x00000000222785d8, RCX=0x000000001559a9f8, RDX=0x000000001690f0c0
RSP=0x000000001690f008, RBP=0x000000001690f090, RSI=0x00000000c23053b0, RDI=0x00000000eacd29f0
R8 =0x000000000140b6c0, R9 =0x00000000000000dc, R10=0x0000000002ef85fb, R11=0x000000005dffbe30
R12=0x0000000000000000, R13=0x00000000222785d8, R14=0x000000001690f0c0, R15=0x000000001559a800
RIP=0x0000000002b424b0, EFLAGS=0x0000000000010283

Top of Stack: (sp=0x000000001690f008)
0x000000001690f008:   0000000002ef8627 000000001690f058
0x000000001690f018:   00000000216e0028 0000000000000000
0x000000001690f028:   00000000216df700 0000000000000000
0x000000001690f038:   000000001690f050 000000001690f0b0
0x000000001690f048:   0000000002ee835d 000000001690f050
0x000000001690f058:   0000000000000000 000000001690f0c0
0x000000001690f068:   000000002227f778 0000000000000000
0x000000001690f078:   00000000222785d8 0000000000000000
0x000000001690f088:   000000001690f0b0 000000001690f108
0x000000001690f098:   0000000002ee835d 0000000000000000
0x000000001690f0a8:   0000000002ef21d8 000000000140b6c0
0x000000001690f0b8:   000000000140b6c0 00000000c31ab8b0
0x000000001690f0c8:   000000001690f0c8 000000002234dc11
0x000000001690f0d8:   000000001690f128 0000000022378ff0
0x000000001690f0e8:   0000000000000000 000000002234dcb0
0x000000001690f0f8:   000000001690f0b0 000000001690f130 

Instructions: (pc=0x0000000002b424b0)
0x0000000002b42490:   
[error occurred during error reporting (printing registers, top of stack, instructions near pc), id 0xc0000005]

Register to memory mapping:

RAX=0x0000000002b424b0 is an unknown value
RBX={method} {0x00000000222785e0} 'freeCallContext' '(J)V' in 'com/kenai/jffi/Foreign'
RCX=0x000000001559a9f8 is an unknown value
RDX=0x000000001690f0c0 is pointing into the stack for thread: 0x000000001559a800
RSP=0x000000001690f008 is pointing into the stack for thread: 0x000000001559a800
RBP=0x000000001690f090 is pointing into the stack for thread: 0x000000001559a800
RSI=0x00000000c23053b0 is an oop
java.lang.ThreadLocal 
 - klass: 'java/lang/ThreadLocal'
RDI=0x00000000eacd29f0 is an oop
java.lang.ThreadLocal$ThreadLocalMap$Entry 
 - klass: 'java/lang/ThreadLocal$ThreadLocalMap$Entry'
R8 =0x000000000140b6c0 is an unknown value
R9 =0x00000000000000dc is an unknown value
R10=0x0000000002ef85fb is at code_begin+891 in an Interpreter codelet
method entry point (kind = native)  [0x0000000002ef8280, 0x0000000002ef8c40]  2496 bytes
R11=0x000000005dffbe30 is an unknown value
R12=0x0000000000000000 is an unknown value
R13={method} {0x00000000222785e0} 'freeCallContext' '(J)V' in 'com/kenai/jffi/Foreign'
R14=0x000000001690f0c0 is pointing into the stack for thread: 0x000000001559a800
R15=0x000000001559a800 is a thread


Stack: [0x0000000016810000,0x0000000016910000],  sp=0x000000001690f008,  free space=1020k
Native frames: (J=compiled Java code, j=interpreted, Vv=VM code, C=native code)
C  0x0000000002b424b0

Java frames: (J=compiled Java code, j=interpreted, Vv=VM code)
j  com.kenai.jffi.Foreign.freeCallContext(J)V+0
j  com.kenai.jffi.CallContext.finalize()V+17
J 24698% C2 java.lang.ref.Finalizer$FinalizerThread.run()V (55 bytes) @ 0x0000000007659b54 [0x00000000076598a0+0x2b4]
v  ~StubRoutines::call_stub

---------------  P R O C E S S  ---------------

Java Threads: ( => current thread )
  0x000000001ec52000 JavaThread "Build operations Thread 4" [_thread_blocked, id=10648, stack(0x00000000389d0000,0x0000000038ad0000)]
  0x000000001ec48000 JavaThread "Build operations Thread 3" [_thread_blocked, id=2392, stack(0x00000000388d0000,0x00000000389d0000)]
  0x000000001ec4f000 JavaThread "Build operations Thread 2" [_thread_blocked, id=7580, stack(0x00000000387d0000,0x00000000388d0000)]
  0x000000001ec47000 JavaThread "Task worker for ':' Thread 3" [_thread_blocked, id=11904, stack(0x00000000386d0000,0x00000000387d0000)]
  0x000000001ec4b000 JavaThread "Task worker for ':' Thread 2" [_thread_blocked, id=13940, stack(0x00000000385d0000,0x00000000386d0000)]
  0x000000001ec4e000 JavaThread "Task worker for ':'" [_thread_blocked, id=6948, stack(0x00000000384d0000,0x00000000385d0000)]
  0x000000001ec4d800 JavaThread "Cache worker for Build Output Cleanup Cache (C:\Dev\asciidoctor\.gradle\buildOutputCleanup)" [_thread_blocked, id=11240, stack(0x00000000383d0000,0x00000000384d0000)]
  0x000000001ec45800 JavaThread "Cache worker for task history cache (C:\Dev\asciidoctor\.gradle\4.5.1\taskHistory)" [_thread_blocked, id=14216, stack(0x00000000382d0000,0x00000000383d0000)]
  0x000000001ec4c000 JavaThread "Build operations" [_thread_blocked, id=13604, stack(0x00000000381d0000,0x00000000382d0000)]
  0x000000001ec46800 JavaThread "Cache worker for Artifact transforms cache (C:\Users\rosasvil\.gradle\caches\transforms-1)" [_thread_blocked, id=13732, stack(0x00000000380d0000,0x00000000381d0000)]
  0x000000001ec4c800 JavaThread "Cache worker for file hash cache (C:\Dev\asciidoctor\.gradle\4.5.1\fileHashes)" [_thread_blocked, id=11708, stack(0x0000000037fd0000,0x00000000380d0000)]
  0x000000001ec4a800 JavaThread "Stdin handler" [_thread_blocked, id=7916, stack(0x0000000037ed0000,0x0000000037fd0000)]
  0x000000001c974800 JavaThread "Asynchronous log dispatcher for DefaultDaemonConnection: socket connection from /127.0.0.1:51866 to /127.0.0.1:52269" [_thread_blocked, id=1092, stack(0x0000000037dd0000,0x0000000037ed0000)]
  0x000000001c973800 JavaThread "Daemon worker Thread 15" [_thread_in_vm, id=10804, stack(0x0000000037cd0000,0x0000000037dd0000)]
  0x000000001c968000 JavaThread "Cancel handler" [_thread_blocked, id=9168, stack(0x0000000037bd0000,0x0000000037cd0000)]
  0x000000001c967800 JavaThread "Handler for socket connection from /127.0.0.1:51866 to /127.0.0.1:52269" [_thread_in_native, id=14656, stack(0x0000000037ad0000,0x0000000037bd0000)]
  0x000000001c96c800 JavaThread "Daemon Thread 15" [_thread_blocked, id=14248, stack(0x00000000379d0000,0x0000000037ad0000)]
  0x000000001c965000 JavaThread "jnr.ffi.util.ref.internal.Finalizer" daemon [_thread_blocked, id=15328, stack(0x000000002c8d0000,0x000000002c9d0000)]
  0x000000001b71e000 JavaThread "Memory manager" [_thread_blocked, id=7028, stack(0x000000001f5d0000,0x000000001f6d0000)]
  0x00000000183c5000 JavaThread "File lock request listener" [_thread_in_native, id=6600, stack(0x000000001a3f0000,0x000000001a4f0000)]
  0x00000000183c5800 JavaThread "Cache worker for file hash cache (C:\Users\rosasvil\.gradle\caches\4.5.1\fileHashes)" [_thread_blocked, id=5900, stack(0x000000001a2f0000,0x000000001a3f0000)]
  0x0000000018185800 JavaThread "Daemon periodic checks" [_thread_blocked, id=1700, stack(0x00000000197f0000,0x00000000198f0000)]
  0x000000001817c000 JavaThread "Incoming local TCP Connector on port 51866" [_thread_in_native, id=13744, stack(0x0000000019310000,0x0000000019410000)]
  0x000000001828c000 JavaThread "Daemon health stats" [_thread_blocked, id=7552, stack(0x0000000018cd0000,0x0000000018dd0000)]
  0x0000000016f30800 JavaThread "Service Thread" daemon [_thread_blocked, id=9568, stack(0x0000000017300000,0x0000000017400000)]
  0x00000000155bc800 JavaThread "C1 CompilerThread2" daemon [_thread_blocked, id=10560, stack(0x0000000016e00000,0x0000000016f00000)]
  0x00000000155b2800 JavaThread "C2 CompilerThread1" daemon [_thread_in_native, id=14300, stack(0x0000000016d00000,0x0000000016e00000)]
  0x00000000155af800 JavaThread "C2 CompilerThread0" daemon [_thread_in_native, id=12920, stack(0x0000000016c00000,0x0000000016d00000)]
  0x00000000155ad800 JavaThread "Attach Listener" daemon [_thread_blocked, id=2556, stack(0x0000000016b00000,0x0000000016c00000)]
  0x00000000155aa800 JavaThread "Signal Dispatcher" daemon [_thread_blocked, id=11692, stack(0x0000000016a00000,0x0000000016b00000)]
=>0x000000001559a800 JavaThread "Finalizer" daemon [_thread_in_native, id=10892, stack(0x0000000016810000,0x0000000016910000)]
  0x0000000015579000 JavaThread "Reference Handler" daemon [_thread_blocked, id=1436, stack(0x0000000016710000,0x0000000016810000)]
  0x0000000002b3e000 JavaThread "main" [_thread_blocked, id=176, stack(0x0000000002ce0000,0x0000000002de0000)]

Other Threads:
  0x0000000015577000 VMThread [stack: 0x0000000016610000,0x0000000016710000] [id=14052]
  0x0000000016f3a000 WatcherThread [stack: 0x0000000017400000,0x0000000017500000] [id=2580]

VM state:not at safepoint (normal execution)

VM Mutex/Monitor currently owned by a thread: None

Heap:
 PSYoungGen      total 292864K, used 1898K [0x00000000eab00000, 0x0000000100000000, 0x0000000100000000)
  eden space 235520K, 0% used [0x00000000eab00000,0x00000000eacdaa30,0x00000000f9100000)
  from space 57344K, 0% used [0x00000000fc800000,0x00000000fc800000,0x0000000100000000)
  to   space 56320K, 0% used [0x00000000f9100000,0x00000000f9100000,0x00000000fc800000)
 ParOldGen       total 348160K, used 194718K [0x00000000c0000000, 0x00000000d5400000, 0x00000000eab00000)
  object space 348160K, 55% used [0x00000000c0000000,0x00000000cbe27980,0x00000000d5400000)
 Metaspace       used 270573K, capacity 273636K, committed 274152K, reserved 1271808K
  class space    used 50573K, capacity 51407K, committed 51496K, reserved 1048576K

Card table byte_map: [0x00000000122a0000,0x00000000124b0000] byte_map_base: 0x0000000011ca0000

Marking Bits: (ParMarkBitMap*) 0x000000005e5f0860
 Begin Bits: [0x0000000012a10000, 0x0000000013a10000)
 End Bits:   [0x0000000013a10000, 0x0000000014a10000)

Polling page: 0x0000000002ab0000

CodeCache: size=245760Kb used=87409Kb max_used=87410Kb free=158350Kb
 bounds [0x0000000002ee0000, 0x00000000084b0000, 0x0000000011ee0000]
 total_blobs=26735 nmethods=25799 adapters=848
 compilation: enabled

Compilation events (10 events):
Event: 4266.377 Thread 0x00000000155bc800 nmethod 29701 0x00000000084a53d0 code [0x00000000084a5540, 0x00000000084a57c8]
Event: 4268.843 Thread 0x00000000155bc800 29702       3       org.jruby.runtime.Frame::<init> (19 bytes)
Event: 4268.844 Thread 0x00000000155bc800 nmethod 29702 0x00000000084a5990 code [0x00000000084a5b00, 0x00000000084a5cf0]
Event: 4268.861 Thread 0x00000000155bc800 29703       3       com.headius.options.Option::load (17 bytes)
Event: 4268.862 Thread 0x00000000155bc800 nmethod 29703 0x00000000084a5d90 code [0x00000000084a5f00, 0x00000000084a6488]
Event: 4268.869 Thread 0x00000000155bc800 29705       3       java.util.concurrent.ThreadPoolExecutor::finalize (39 bytes)
Event: 4268.870 Thread 0x00000000155bc800 nmethod 29705 0x00000000084a6590 code [0x00000000084a6720, 0x00000000084a6b88]
Event: 4268.880 Thread 0x00000000155bc800 29704       3       org.jruby.runtime.Frame::<init> (19 bytes)
Event: 4268.885 Thread 0x00000000155bc800 nmethod 29704 0x00000000084a6c90 code [0x00000000084a6e00, 0x00000000084a6ff0]
Event: 4268.894 Thread 0x00000000155bc800 29707       3       com.headius.options.Option::load (17 bytes)

GC Heap History (10 events):
Event: 3221.387 GC heap before
{Heap before GC invocations=32 (full 5):
 PSYoungGen      total 271872K, used 252530K [0x00000000eab00000, 0x00000000fe500000, 0x0000000100000000)
  eden space 223232K, 100% used [0x00000000eab00000,0x00000000f8500000,0x00000000f8500000)
  from space 48640K, 60% used [0x00000000fb580000,0x00000000fd21cb10,0x00000000fe500000)
  to   space 49152K, 0% used [0x00000000f8500000,0x00000000f8500000,0x00000000fb500000)
 ParOldGen       total 236032K, used 101986K [0x00000000c0000000, 0x00000000ce680000, 0x00000000eab00000)
  object space 236032K, 43% used [0x00000000c0000000,0x00000000c6398a28,0x00000000ce680000)
 Metaspace       used 205765K, capacity 208614K, committed 208752K, reserved 1218560K
  class space    used 37998K, capacity 38751K, committed 38824K, reserved 1048576K
Event: 3221.463 GC heap after
Heap after GC invocations=32 (full 5):
 PSYoungGen      total 272384K, used 38458K [0x00000000eab00000, 0x0000000100000000, 0x0000000100000000)
  eden space 223232K, 0% used [0x00000000eab00000,0x00000000eab00000,0x00000000f8500000)
  from space 49152K, 78% used [0x00000000f8500000,0x00000000faa8e848,0x00000000fb500000)
  to   space 52224K, 0% used [0x00000000fcd00000,0x00000000fcd00000,0x0000000100000000)
 ParOldGen       total 236032K, used 115728K [0x00000000c0000000, 0x00000000ce680000, 0x00000000eab00000)
  object space 236032K, 49% used [0x00000000c0000000,0x00000000c71042d8,0x00000000ce680000)
 Metaspace       used 205765K, capacity 208614K, committed 208752K, reserved 1218560K
  class space    used 37998K, capacity 38751K, committed 38824K, reserved 1048576K
}
Event: 3345.858 GC heap before
{Heap before GC invocations=33 (full 5):
 PSYoungGen      total 272384K, used 261690K [0x00000000eab00000, 0x0000000100000000, 0x0000000100000000)
  eden space 223232K, 100% used [0x00000000eab00000,0x00000000f8500000,0x00000000f8500000)
  from space 49152K, 78% used [0x00000000f8500000,0x00000000faa8e848,0x00000000fb500000)
  to   space 52224K, 0% used [0x00000000fcd00000,0x00000000fcd00000,0x0000000100000000)
 ParOldGen       total 236032K, used 115728K [0x00000000c0000000, 0x00000000ce680000, 0x00000000eab00000)
  object space 236032K, 49% used [0x00000000c0000000,0x00000000c71042d8,0x00000000ce680000)
 Metaspace       used 228142K, capacity 231044K, committed 231280K, reserved 1236992K
  class space    used 42403K, capacity 43165K, committed 43176K, reserved 1048576K
Event: 3345.966 GC heap after
Heap after GC invocations=33 (full 5):
 PSYoungGen      total 293888K, used 35750K [0x00000000eab00000, 0x0000000100000000, 0x0000000100000000)
  eden space 241664K, 0% used [0x00000000eab00000,0x00000000eab00000,0x00000000f9700000)
  from space 52224K, 68% used [0x00000000fcd00000,0x00000000fefe9880,0x0000000100000000)
  to   space 53760K, 0% used [0x00000000f9700000,0x00000000f9700000,0x00000000fcb80000)
 ParOldGen       total 236032K, used 131277K [0x00000000c0000000, 0x00000000ce680000, 0x00000000eab00000)
  object space 236032K, 55% used [0x00000000c0000000,0x00000000c8033680,0x00000000ce680000)
 Metaspace       used 228142K, capacity 231044K, committed 231280K, reserved 1236992K
  class space    used 42403K, capacity 43165K, committed 43176K, reserved 1048576K
}
Event: 3445.106 GC heap before
{Heap before GC invocations=34 (full 5):
 PSYoungGen      total 293888K, used 277414K [0x00000000eab00000, 0x0000000100000000, 0x0000000100000000)
  eden space 241664K, 100% used [0x00000000eab00000,0x00000000f9700000,0x00000000f9700000)
  from space 52224K, 68% used [0x00000000fcd00000,0x00000000fefe9880,0x0000000100000000)
  to   space 53760K, 0% used [0x00000000f9700000,0x00000000f9700000,0x00000000fcb80000)
 ParOldGen       total 236032K, used 131277K [0x00000000c0000000, 0x00000000ce680000, 0x00000000eab00000)
  object space 236032K, 55% used [0x00000000c0000000,0x00000000c8033680,0x00000000ce680000)
 Metaspace       used 250609K, capacity 253682K, committed 254064K, reserved 1255424K
  class space    used 46620K, capacity 47443K, committed 47528K, reserved 1048576K
Event: 3445.214 GC heap after
Heap after GC invocations=34 (full 5):
 PSYoungGen      total 283648K, used 41588K [0x00000000eab00000, 0x0000000100000000, 0x0000000100000000)
  eden space 241664K, 0% used [0x00000000eab00000,0x00000000eab00000,0x00000000f9700000)
  from space 41984K, 99% used [0x00000000f9700000,0x00000000fbf9d210,0x00000000fc000000)
  to   space 57344K, 0% used [0x00000000fc800000,0x00000000fc800000,0x0000000100000000)
 ParOldGen       total 236032K, used 146478K [0x00000000c0000000, 0x00000000ce680000, 0x00000000eab00000)
  object space 236032K, 62% used [0x00000000c0000000,0x00000000c8f0b880,0x00000000ce680000)
 Metaspace       used 250609K, capacity 253682K, committed 254064K, reserved 1255424K
  class space    used 46620K, capacity 47443K, committed 47528K, reserved 1048576K
}
Event: 4266.404 GC heap before
{Heap before GC invocations=35 (full 5):
 PSYoungGen      total 283648K, used 251560K [0x00000000eab00000, 0x0000000100000000, 0x0000000100000000)
  eden space 241664K, 86% used [0x00000000eab00000,0x00000000f780cf70,0x00000000f9700000)
  from space 41984K, 99% used [0x00000000f9700000,0x00000000fbf9d210,0x00000000fc000000)
  to   space 57344K, 0% used [0x00000000fc800000,0x00000000fc800000,0x0000000100000000)
 ParOldGen       total 236032K, used 146478K [0x00000000c0000000, 0x00000000ce680000, 0x00000000eab00000)
  object space 236032K, 62% used [0x00000000c0000000,0x00000000c8f0b880,0x00000000ce680000)
 Metaspace       used 270590K, capacity 273684K, committed 273896K, reserved 1271808K
  class space    used 50578K, capacity 51436K, committed 51496K, reserved 1048576K
Event: 4266.536 GC heap after
Heap after GC invocations=35 (full 5):
 PSYoungGen      total 292864K, used 32495K [0x00000000eab00000, 0x0000000100000000, 0x0000000100000000)
  eden space 235520K, 0% used [0x00000000eab00000,0x00000000eab00000,0x00000000f9100000)
  from space 57344K, 56% used [0x00000000fc800000,0x00000000fe7bbd18,0x0000000100000000)
  to   space 56320K, 0% used [0x00000000f9100000,0x00000000f9100000,0x00000000fc800000)
 ParOldGen       total 236032K, used 167399K [0x00000000c0000000, 0x00000000ce680000, 0x00000000eab00000)
  object space 236032K, 70% used [0x00000000c0000000,0x00000000ca379dc8,0x00000000ce680000)
 Metaspace       used 270590K, capacity 273684K, committed 273896K, reserved 1271808K
  class space    used 50578K, capacity 51436K, committed 51496K, reserved 1048576K
}
Event: 4266.536 GC heap before
{Heap before GC invocations=36 (full 6):
 PSYoungGen      total 292864K, used 32495K [0x00000000eab00000, 0x0000000100000000, 0x0000000100000000)
  eden space 235520K, 0% used [0x00000000eab00000,0x00000000eab00000,0x00000000f9100000)
  from space 57344K, 56% used [0x00000000fc800000,0x00000000fe7bbd18,0x0000000100000000)
  to   space 56320K, 0% used [0x00000000f9100000,0x00000000f9100000,0x00000000fc800000)
 ParOldGen       total 236032K, used 167399K [0x00000000c0000000, 0x00000000ce680000, 0x00000000eab00000)
  object space 236032K, 70% used [0x00000000c0000000,0x00000000ca379dc8,0x00000000ce680000)
 Metaspace       used 270590K, capacity 273684K, committed 273896K, reserved 1271808K
  class space    used 50578K, capacity 51436K, committed 51496K, reserved 1048576K
Event: 4268.832 GC heap after
Heap after GC invocations=36 (full 6):
 PSYoungGen      total 292864K, used 0K [0x00000000eab00000, 0x0000000100000000, 0x0000000100000000)
  eden space 235520K, 0% used [0x00000000eab00000,0x00000000eab00000,0x00000000f9100000)
  from space 57344K, 0% used [0x00000000fc800000,0x00000000fc800000,0x0000000100000000)
  to   space 56320K, 0% used [0x00000000f9100000,0x00000000f9100000,0x00000000fc800000)
 ParOldGen       total 348160K, used 194718K [0x00000000c0000000, 0x00000000d5400000, 0x00000000eab00000)
  object space 348160K, 55% used [0x00000000c0000000,0x00000000cbe27980,0x00000000d5400000)
 Metaspace       used 270469K, capacity 273502K, committed 273896K, reserved 1271808K
  class space    used 50561K, capacity 51405K, committed 51496K, reserved 1048576K
}

Deoptimization events (10 events):
Event: 4264.847 Thread 0x000000001c973800 Uncommon trap: reason=unstable_if action=reinterpret pc=0x00000000082ca348 method=org.joni.Analyser.optimizeNodeLeft(Lorg/joni/ast/Node;Lorg/joni/NodeOptInfo;Lorg/joni/OptEnvironment;)V @ 273
Event: 4265.291 Thread 0x000000001c973800 Uncommon trap: reason=unstable_if action=reinterpret pc=0x000000000832875c method=org.jruby.lexer.yacc.StringTerm.parseStringIntoBuffer(Lorg/jruby/lexer/yacc/RubyYaccLexer;Lorg/jruby/lexer/yacc/LexerSource;Lorg/jruby/util/ByteList;)I @ 673
Event: 4265.292 Thread 0x000000001c973800 Uncommon trap: reason=unstable_if action=reinterpret pc=0x0000000008367fac method=org.jcodings.Encoding.isAscii(B)Z @ 1
Event: 4265.416 Thread 0x000000001c973800 Uncommon trap: reason=unstable_if action=reinterpret pc=0x00000000082f9934 method=org.jruby.util.ByteList.cmp(Lorg/jruby/util/ByteList;)I @ 30
Event: 4265.973 Thread 0x000000001c973800 Uncommon trap: reason=unstable_if action=reinterpret pc=0x00000000083bcab0 method=org.jruby.parser.ParserSupport.newline_node(Lorg/jruby/ast/Node;Lorg/jruby/lexer/yacc/ISourcePosition;)Lorg/jruby/ast/Node; @ 23
Event: 4266.005 Thread 0x000000001c973800 Uncommon trap: reason=unstable_if action=reinterpret pc=0x000000000843b190 method=org.jruby.lexer.yacc.InputStreamLexerSource.wasBeginOfLine()Z @ 6
Event: 4268.850 Thread 0x000000001559a800 Uncommon trap: reason=null_check action=make_not_entrant pc=0x000000000836390c method=org.jruby.internal.runtime.ThreadService.getCurrentContext()Lorg/jruby/runtime/ThreadContext; @ 15
Event: 4268.868 Thread 0x000000001559a800 Uncommon trap: reason=null_check action=make_not_entrant pc=0x000000000524d88c method=org.jruby.internal.runtime.ThreadService.getCurrentContext()Lorg/jruby/runtime/ThreadContext; @ 15
Event: 4268.882 Thread 0x000000001559a800 Uncommon trap: reason=null_check action=make_not_entrant pc=0x0000000005e7de8c method=org.jruby.internal.runtime.ThreadService.getCurrentContext()Lorg/jruby/runtime/ThreadContext; @ 15
Event: 4268.890 Thread 0x000000001559a800 Uncommon trap: reason=null_check action=make_not_entrant pc=0x0000000005814ccc method=org.jruby.internal.runtime.ThreadService.getCurrentContext()Lorg/jruby/runtime/ThreadContext; @ 15

Classes redefined (0 events):
No events

Internal exceptions (10 events):
Event: 4262.167 Thread 0x000000001c973800 Exception <a 'java/io/IOException'> (0x00000000f531dc90) thrown at [C:\re\workspace\8-2-build-windows-amd64-cygwin\jdk8u162\10278\hotspot\src\share\vm\prims\jni.cpp, line 709]
Event: 4262.189 Thread 0x000000001c973800 Exception <a 'java/io/IOException'> (0x00000000f5355a40) thrown at [C:\re\workspace\8-2-build-windows-amd64-cygwin\jdk8u162\10278\hotspot\src\share\vm\prims\jni.cpp, line 709]
Event: 4262.232 Thread 0x000000001c973800 Exception <a 'java/io/IOException'> (0x00000000f53d8048) thrown at [C:\re\workspace\8-2-build-windows-amd64-cygwin\jdk8u162\10278\hotspot\src\share\vm\prims\jni.cpp, line 709]
Event: 4262.256 Thread 0x000000001c973800 Exception <a 'java/io/IOException'> (0x00000000f5410408) thrown at [C:\re\workspace\8-2-build-windows-amd64-cygwin\jdk8u162\10278\hotspot\src\share\vm\prims\jni.cpp, line 709]
Event: 4262.749 Thread 0x000000001c973800 Exception <a 'java/io/IOException'> (0x00000000f56535b0) thrown at [C:\re\workspace\8-2-build-windows-amd64-cygwin\jdk8u162\10278\hotspot\src\share\vm\prims\jni.cpp, line 709]
Event: 4264.062 Thread 0x000000001c973800 Exception <a 'java/io/IOException'> (0x00000000f5fffda8) thrown at [C:\re\workspace\8-2-build-windows-amd64-cygwin\jdk8u162\10278\hotspot\src\share\vm\prims\jni.cpp, line 709]
Event: 4264.087 Thread 0x000000001c973800 Exception <a 'java/lang/reflect/InvocationTargetException'> (0x00000000f6034488) thrown at [C:\re\workspace\8-2-build-windows-amd64-cygwin\jdk8u162\10278\hotspot\src\share\vm\runtime\reflection.cpp, line 1092]
Event: 4264.783 Thread 0x000000001c973800 Exception <a 'java/io/IOException'> (0x00000000f6644320) thrown at [C:\re\workspace\8-2-build-windows-amd64-cygwin\jdk8u162\10278\hotspot\src\share\vm\prims\jni.cpp, line 709]
Event: 4264.918 Thread 0x000000001c973800 Exception <a 'java/io/IOException'> (0x00000000f66d97d0) thrown at [C:\re\workspace\8-2-build-windows-amd64-cygwin\jdk8u162\10278\hotspot\src\share\vm\prims\jni.cpp, line 709]
Event: 4264.949 Thread 0x000000001c973800 Exception <a 'java/io/IOException'> (0x00000000f6728c28) thrown at [C:\re\workspace\8-2-build-windows-amd64-cygwin\jdk8u162\10278\hotspot\src\share\vm\prims\jni.cpp, line 709]

Events (10 events):
Event: 4268.888 Executing VM operation: RevokeBias done
Event: 4268.888 Executing VM operation: RevokeBias
Event: 4268.889 Executing VM operation: RevokeBias done
Event: 4268.890 Thread 0x000000001559a800 Uncommon trap: trap_request=0xfffffff4 fr.pc=0x0000000005814ccc
Event: 4268.890 Thread 0x000000001559a800 DEOPT PACKING pc=0x0000000005814ccc sp=0x000000001690ef90
Event: 4268.890 Thread 0x000000001559a800 DEOPT UNPACKING pc=0x0000000002f2583b sp=0x000000001690ef48 mode 2
Event: 4268.890 Executing VM operation: RevokeBias
Event: 4268.891 Executing VM operation: RevokeBias done
Event: 4268.891 Executing VM operation: RevokeBias
Event: 4268.891 Executing VM operation: RevokeBias done


Dynamic libraries:
0x00007ff7a3830000 - 0x00007ff7a3867000 	C:\Program Files\Java\jdk1.8.0_162\bin\java.exe
0x00007ffc08400000 - 0x00007ffc085db000 	C:\windows\SYSTEM32\ntdll.dll
0x00007ffc07e90000 - 0x00007ffc07f3e000 	C:\windows\System32\KERNEL32.DLL
0x00007ffc05560000 - 0x00007ffc057a9000 	C:\windows\System32\KERNELBASE.dll
0x00007ffc07b20000 - 0x00007ffc07bc1000 	C:\windows\System32\ADVAPI32.dll
0x00007ffc08100000 - 0x00007ffc0819d000 	C:\windows\System32\msvcrt.dll
0x00007ffc07dd0000 - 0x00007ffc07e29000 	C:\windows\System32\sechost.dll
0x00007ffc05e50000 - 0x00007ffc05f75000 	C:\windows\System32\RPCRT4.dll
0x00007ffc07840000 - 0x00007ffc0798a000 	C:\windows\System32\USER32.dll
0x00007ffc04920000 - 0x00007ffc0493e000 	C:\windows\System32\win32u.dll
0x00007ffc07af0000 - 0x00007ffc07b17000 	C:\windows\System32\GDI32.dll
0x00007ffc04bd0000 - 0x00007ffc04d57000 	C:\windows\System32\gdi32full.dll
0x00007ffc054c0000 - 0x00007ffc0555a000 	C:\windows\System32\msvcp_win.dll
0x00007ffc057b0000 - 0x00007ffc058a6000 	C:\windows\System32\ucrtbase.dll
0x00007ffbffc40000 - 0x00007ffbffea7000 	C:\windows\WinSxS\amd64_microsoft.windows.common-controls_6595b64144ccf1df_6.0.15063.483_none_26002d27e7c744a2\COMCTL32.dll
0x00007ffc05fe0000 - 0x00007ffc062d9000 	C:\windows\System32\combase.dll
0x00007ffc04940000 - 0x00007ffc049aa000 	C:\windows\System32\bcryptPrimitives.dll
0x00007ffc07720000 - 0x00007ffc0774d000 	C:\windows\System32\IMM32.DLL
0x00007ffbf5d80000 - 0x00007ffbf5e27000 	C:\Program Files\McAfee\Host Intrusion Prevention\HcApi.dll
0x0000000060510000 - 0x000000006051c000 	C:\Program Files\McAfee\Host Intrusion Prevention\HcThe.dll
0x000000005e670000 - 0x000000005e741000 	C:\Program Files\Java\jdk1.8.0_162\jre\bin\msvcr100.dll
0x000000005ddd0000 - 0x000000005e670000 	C:\Program Files\Java\jdk1.8.0_162\jre\bin\server\jvm.dll
0x00007ffc05e40000 - 0x00007ffc05e48000 	C:\windows\System32\PSAPI.DLL
0x00007ffbfa160000 - 0x00007ffbfa169000 	C:\windows\SYSTEM32\WSOCK32.dll
0x00007ffbff8a0000 - 0x00007ffbff8c3000 	C:\windows\SYSTEM32\WINMM.dll
0x00007ffbfe960000 - 0x00007ffbfe96a000 	C:\windows\SYSTEM32\VERSION.dll
0x00007ffc07bd0000 - 0x00007ffc07c3c000 	C:\windows\System32\WS2_32.dll
0x00007ffbff840000 - 0x00007ffbff86b000 	C:\windows\SYSTEM32\WINMMBASE.dll
0x00007ffc049b0000 - 0x00007ffc049f9000 	C:\windows\System32\cfgmgr32.dll
0x00000000611a0000 - 0x00000000611af000 	C:\Program Files\Java\jdk1.8.0_162\jre\bin\verify.dll
0x000000005f5a0000 - 0x000000005f5c9000 	C:\Program Files\Java\jdk1.8.0_162\jre\bin\java.dll
0x000000005e9f0000 - 0x000000005ea06000 	C:\Program Files\Java\jdk1.8.0_162\jre\bin\zip.dll
0x00007ffc062e0000 - 0x00007ffc07717000 	C:\windows\System32\SHELL32.dll
0x00007ffc07f40000 - 0x00007ffc07fea000 	C:\windows\System32\shcore.dll
0x00007ffc04d60000 - 0x00007ffc05451000 	C:\windows\System32\windows.storage.dll
0x00007ffc05f80000 - 0x00007ffc05fd1000 	C:\windows\System32\shlwapi.dll
0x00007ffc04890000 - 0x00007ffc048a1000 	C:\windows\System32\kernel.appcore.dll
0x00007ffc048b0000 - 0x00007ffc048fc000 	C:\windows\System32\powrprof.dll
0x00007ffc04870000 - 0x00007ffc04885000 	C:\windows\System32\profapi.dll
0x000000005e9d0000 - 0x000000005e9ea000 	C:\Program Files\Java\jdk1.8.0_162\jre\bin\net.dll
0x00007ffc03df0000 - 0x00007ffc03e4c000 	C:\windows\system32\mswsock.dll
0x000000005e9b0000 - 0x000000005e9c1000 	C:\Program Files\Java\jdk1.8.0_162\jre\bin\nio.dll
0x00007ffbffc20000 - 0x00007ffbffc3e000 	C:\Users\rosasvil\.gradle\native\25\windows-amd64\native-platform.dll
0x000000005f590000 - 0x000000005f59d000 	C:\Program Files\Java\jdk1.8.0_162\jre\bin\management.dll
0x00007ffc04280000 - 0x00007ffc04297000 	C:\windows\SYSTEM32\CRYPTSP.dll
0x00007ffc03a20000 - 0x00007ffc03a54000 	C:\windows\system32\rsaenh.dll
0x00007ffc042a0000 - 0x00007ffc042c5000 	C:\windows\SYSTEM32\bcrypt.dll
0x00007ffc047a0000 - 0x00007ffc047c9000 	C:\windows\SYSTEM32\USERENV.dll
0x00007ffc03f90000 - 0x00007ffc03f9b000 	C:\windows\SYSTEM32\CRYPTBASE.dll
0x00007ffc03b90000 - 0x00007ffc03bc7000 	C:\windows\SYSTEM32\IPHLPAPI.DLL
0x00007ffc07990000 - 0x00007ffc07998000 	C:\windows\System32\NSI.dll
0x00007ffbff720000 - 0x00007ffbff736000 	C:\windows\SYSTEM32\dhcpcsvc6.DLL
0x00007ffbff500000 - 0x00007ffbff51a000 	C:\windows\SYSTEM32\dhcpcsvc.DLL
0x000000005f660000 - 0x000000005f684000 	C:\Program Files\Java\jdk1.8.0_162\jre\bin\sunec.dll
0x00007ffc03bd0000 - 0x00007ffc03c74000 	C:\windows\SYSTEM32\DNSAPI.dll
0x00007ffbf7540000 - 0x00007ffbf754a000 	C:\Windows\System32\rasadhlp.dll
0x00007ffbff630000 - 0x00007ffbff69b000 	C:\windows\System32\fwpuclnt.dll
0x000000005f0e0000 - 0x000000005f0eb000 	C:\Program Files\Java\jdk1.8.0_162\jre\bin\sunmscapi.dll
0x00007ffc04a00000 - 0x00007ffc04bc9000 	C:\windows\System32\CRYPT32.dll
0x00007ffc04900000 - 0x00007ffc04911000 	C:\windows\System32\MSASN1.dll
0x000000006e4c0000 - 0x000000006e4df000 	C:\Users\rosasvil\AppData\Local\Temp\jffi4260357691814759401.dll
0x0000000002c00000 - 0x0000000002c1f000 	C:\Users\rosasvil\AppData\Local\Temp\jffi7080655580013232093.dll
0x0000000002c20000 - 0x0000000002c3f000 	C:\Users\rosasvil\AppData\Local\Temp\jffi7439019032984228881.dll
0x0000000002c40000 - 0x0000000002c5f000 	C:\Users\rosasvil\AppData\Local\Temp\jffi5621972561007148793.dll
0x00007ffc04440000 - 0x00007ffc045e9000 	C:\windows\SYSTEM32\dbghelp.dll

VM Arguments:
jvm_args: -XX:+HeapDumpOnOutOfMemoryError -Xmx1024m -Dfile.encoding=windows-1252 -Duser.country=US -Duser.language=en -Duser.variant 
java_command: org.gradle.launcher.daemon.bootstrap.GradleDaemon 4.5.1
java_class_path (initial): C:\Program Files\Gradle\gradle-4.5.1\lib\gradle-launcher-4.5.1.jar
Launcher Type: SUN_STANDARD

Environment Variables:
CLASSPATH=C:\Program Files\Gradle\gradle-4.5.1\bin\..\lib\gradle-launcher-4.5.1.jar
PATH=C:\ProgramData\Oracle\Java\javapath;C:\windows\system32;C:\windows;C:\windows\System32\Wbem;C:\windows\System32\WindowsPowerShell\v1.0\;C:\Program Files\Gradle\gradle-4.5.1\bin;C:\Program Files\Maven\apache-maven-3.5.2\bin;C:\Users\rosasvil\AppData\Local\Microsoft\WindowsApps;
USERNAME=rosasvil
OS=Windows_NT
PROCESSOR_IDENTIFIER=AMD64 Family 21 Model 96 Stepping 1, AuthenticAMD



---------------  S Y S T E M  ---------------

OS: Windows 10.0 , 64 bit Build 15063 (10.0.15063.296)

CPU:total 4 (initial active 4) (4 cores per cpu, 1 threads per core) family 21 model 96 stepping 1, cmov, cx8, fxsr, mmx, sse, sse2, sse3, ssse3, sse4.1, sse4.2, popcnt, avx, avx2, aes, clmul, mmxext, 3dnowpref, lzcnt, sse4a, tsc, tscinvbit, tscinv, bmi1

Memory: 4k page, physical 7776616k(1943068k free), swap 9676008k(2837716k free)

vm_info: Java HotSpot(TM) 64-Bit Server VM (25.162-b12) for windows-amd64 JRE (1.8.0_162-b12), built on Dec 19 2017 20:00:03 by "java_re" with MS VC++ 10.0 (VS2010)

time: Wed Feb 21 10:45:46 2018
elapsed time: 4269 seconds (0d 1h 11m 9s)

