#
# A fatal error has been detected by the Java Runtime Environment:
#
#  EXCEPTION_ACCESS_VIOLATION (0xc0000005) at pc=0x00000000014c24b0, pid=8616, tid=0x0000000000001e74
#
# JRE version: Java(TM) SE Runtime Environment (8.0_162-b12) (build 1.8.0_162-b12)
# Java VM: Java HotSpot(TM) 64-Bit Server VM (25.162-b12 mixed mode windows-amd64 compressed oops)
# Problematic frame:
# C  0x00000000014c24b0
#
# Failed to write core dump. Minidumps are not enabled by default on client versions of Windows
#
# If you would like to submit a bug report, please visit:
#   http://bugreport.java.com/bugreport/crash.jsp
# The crash happened outside the Java Virtual Machine in native code.
# See problematic frame for where to report the bug.
#

---------------  T H R E A D  ---------------

Current thread (0x00000000030eb000):  JavaThread "Finalizer" daemon [_thread_in_native, id=7796, stack(0x0000000016a10000,0x0000000016b10000)]

siginfo: ExceptionCode=0xc0000005, ExceptionInformation=0x0000000000000008 0x00000000014c24b0

Registers:
RAX=0x00000000014c24b0, RBX=0x0000000022b0b1c8, RCX=0x00000000030eb1f8, RDX=0x0000000016b0f3a0
RSP=0x0000000016b0f2e8, RBP=0x0000000016b0f370, RSI=0x00000000c2bf5ef0, RDI=0x00000000239a01d0
R8 =0x00000000016fbd40, R9 =0x0000000011eb0000, R10=0x00000000031085fb, R11=0x000000005d9ebe30
R12=0x0000000000000000, R13=0x0000000022b0b1c8, R14=0x0000000016b0f3a0, R15=0x00000000030eb000
RIP=0x00000000014c24b0, EFLAGS=0x0000000000010283

Top of Stack: (sp=0x0000000016b0f2e8)
0x0000000016b0f2e8:   0000000003108627 0000000015558d38
0x0000000016b0f2f8:   0000000016b0f338 000000001555b6f0
0x0000000016b0f308:   0000000000000000 0000000015558d40
0x0000000016b0f318:   0000000000000000 00000000c0000bd0
0x0000000016b0f328:   00000000030f835d 0000000016b0f330
0x0000000016b0f338:   0000000000000000 0000000016b0f3a0
0x0000000016b0f348:   0000000022b12398 0000000000000000
0x0000000016b0f358:   0000000022b0b1c8 0000000000000000
0x0000000016b0f368:   0000000016b0f390 0000000016b0f3e8
0x0000000016b0f378:   00000000030f835d 0000000000000000
0x0000000016b0f388:   00000000031021d8 00000000016fbd40
0x0000000016b0f398:   00000000016fbd40 00000000c2ac5160
0x0000000016b0f3a8:   0000000016b0f3a8 0000000022be2279
0x0000000016b0f3b8:   0000000016b0f408 0000000022c0d348
0x0000000016b0f3c8:   0000000000000000 0000000022be2318
0x0000000016b0f3d8:   0000000016b0f390 0000000016b0f410 

Instructions: (pc=0x00000000014c24b0)
0x00000000014c2490:   
[error occurred during error reporting (printing registers, top of stack, instructions near pc), id 0xc0000005]

Register to memory mapping:

RAX=0x00000000014c24b0 is an unknown value
RBX={method} {0x0000000022b0b1d0} 'freeCallContext' '(J)V' in 'com/kenai/jffi/Foreign'
RCX=0x00000000030eb1f8 is an unknown value
RDX=0x0000000016b0f3a0 is pointing into the stack for thread: 0x00000000030eb000
RSP=0x0000000016b0f2e8 is pointing into the stack for thread: 0x00000000030eb000
RBP=0x0000000016b0f370 is pointing into the stack for thread: 0x00000000030eb000
RSI=0x00000000c2bf5ef0 is an oop
java.util.jar.JarFile 
 - klass: 'java/util/jar/JarFile'
RDI=0x00000000239a01d0 is pointing into metadata
R8 =0x00000000016fbd40 is an unknown value
R9 =0x0000000011eb0000 is an unknown value
R10=0x00000000031085fb is at code_begin+891 in an Interpreter codelet
method entry point (kind = native)  [0x0000000003108280, 0x0000000003108c40]  2496 bytes
R11=0x000000005d9ebe30 is an unknown value
R12=0x0000000000000000 is an unknown value
R13={method} {0x0000000022b0b1d0} 'freeCallContext' '(J)V' in 'com/kenai/jffi/Foreign'
R14=0x0000000016b0f3a0 is pointing into the stack for thread: 0x00000000030eb000
R15=0x00000000030eb000 is a thread


Stack: [0x0000000016a10000,0x0000000016b10000],  sp=0x0000000016b0f2e8,  free space=1020k
Native frames: (J=compiled Java code, j=interpreted, Vv=VM code, C=native code)
C  0x00000000014c24b0

Java frames: (J=compiled Java code, j=interpreted, Vv=VM code)
j  com.kenai.jffi.Foreign.freeCallContext(J)V+0
j  com.kenai.jffi.CallContext.finalize()V+17
J 27466% C2 java.lang.ref.Finalizer$FinalizerThread.run()V (55 bytes) @ 0x0000000007fadb14 [0x0000000007fad860+0x2b4]
v  ~StubRoutines::call_stub

---------------  P R O C E S S  ---------------

Java Threads: ( => current thread )
  0x000000001c298000 JavaThread "Build operations Thread 4" [_thread_blocked, id=2556, stack(0x000000002e850000,0x000000002e950000)]
  0x000000001c295800 JavaThread "Build operations Thread 3" [_thread_blocked, id=12640, stack(0x000000002e750000,0x000000002e850000)]
  0x000000001c28a000 JavaThread "Build operations Thread 2" [_thread_blocked, id=15064, stack(0x000000002e650000,0x000000002e750000)]
  0x000000001c290800 JavaThread "Task worker for ':' Thread 3" [_thread_blocked, id=7688, stack(0x000000002e550000,0x000000002e650000)]
  0x000000001c28f800 JavaThread "Task worker for ':' Thread 2" [_thread_blocked, id=1400, stack(0x000000002e450000,0x000000002e550000)]
  0x000000001c28c000 JavaThread "Task worker for ':'" [_thread_blocked, id=2468, stack(0x000000002e350000,0x000000002e450000)]
  0x000000001a768000 JavaThread "Cache worker for Build Output Cleanup Cache (C:\Dev\asciidoctor\.gradle\buildOutputCleanup)" [_thread_blocked, id=2724, stack(0x000000002e250000,0x000000002e350000)]
  0x000000001a766800 JavaThread "Cache worker for task history cache (C:\Dev\asciidoctor\.gradle\4.5.1\taskHistory)" [_thread_blocked, id=9884, stack(0x000000002e150000,0x000000002e250000)]
  0x000000001a76d800 JavaThread "Build operations" [_thread_blocked, id=12312, stack(0x000000002e050000,0x000000002e150000)]
  0x000000001a75f000 JavaThread "Cache worker for Artifact transforms cache (C:\Users\rosasvil\.gradle\caches\transforms-1)" [_thread_blocked, id=12100, stack(0x000000002df50000,0x000000002e050000)]
  0x000000001a76b000 JavaThread "Cache worker for file hash cache (C:\Dev\asciidoctor\.gradle\4.5.1\fileHashes)" [_thread_blocked, id=13076, stack(0x000000002de50000,0x000000002df50000)]
  0x000000001a769800 JavaThread "Stdin handler" [_thread_blocked, id=8716, stack(0x000000002dd50000,0x000000002de50000)]
  0x000000001a767800 JavaThread "Asynchronous log dispatcher for DefaultDaemonConnection: socket connection from /127.0.0.1:61629 to /127.0.0.1:61866" [_thread_blocked, id=3900, stack(0x000000002dc50000,0x000000002dd50000)]
  0x000000001a75e800 JavaThread "Daemon worker Thread 6" [_thread_in_vm, id=3876, stack(0x000000002db50000,0x000000002dc50000)]
  0x000000001a764800 JavaThread "Cancel handler" [_thread_blocked, id=13712, stack(0x000000002da50000,0x000000002db50000)]
  0x000000001a760800 JavaThread "Handler for socket connection from /127.0.0.1:61629 to /127.0.0.1:61866" [_thread_in_native, id=11296, stack(0x000000002d950000,0x000000002da50000)]
  0x000000001a765000 JavaThread "Daemon Thread 6" [_thread_blocked, id=12584, stack(0x000000002d850000,0x000000002d950000)]
  0x00000000186bc800 JavaThread "Memory manager" [_thread_blocked, id=8664, stack(0x000000001e4d0000,0x000000001e5d0000)]
  0x00000000186ba000 JavaThread "File lock request listener" [_thread_in_native, id=6660, stack(0x000000001a5f0000,0x000000001a6f0000)]
  0x00000000186b9800 JavaThread "Cache worker for file hash cache (C:\Users\rosasvil\.gradle\caches\4.5.1\fileHashes)" [_thread_blocked, id=6084, stack(0x000000001a4f0000,0x000000001a5f0000)]
  0x0000000017ada000 JavaThread "Daemon periodic checks" [_thread_blocked, id=11956, stack(0x00000000199f0000,0x0000000019af0000)]
  0x0000000017ac1000 JavaThread "Incoming local TCP Connector on port 61629" [_thread_in_native, id=8968, stack(0x0000000019510000,0x0000000019610000)]
  0x00000000184c7800 JavaThread "Daemon health stats" [_thread_blocked, id=11380, stack(0x0000000018ed0000,0x0000000018fd0000)]
  0x000000001581e000 JavaThread "Service Thread" daemon [_thread_blocked, id=12392, stack(0x0000000017500000,0x0000000017600000)]
  0x00000000157cc800 JavaThread "C1 CompilerThread2" daemon [_thread_blocked, id=8640, stack(0x0000000017000000,0x0000000017100000)]
  0x00000000157c2800 JavaThread "C2 CompilerThread1" daemon [_thread_blocked, id=1532, stack(0x0000000016f00000,0x0000000017000000)]
  0x00000000157bf800 JavaThread "C2 CompilerThread0" daemon [_thread_blocked, id=6236, stack(0x0000000016e00000,0x0000000016f00000)]
  0x00000000157bd800 JavaThread "Attach Listener" daemon [_thread_blocked, id=13580, stack(0x0000000016d00000,0x0000000016e00000)]
  0x00000000157ba000 JavaThread "Signal Dispatcher" daemon [_thread_blocked, id=14772, stack(0x0000000016c00000,0x0000000016d00000)]
=>0x00000000030eb000 JavaThread "Finalizer" daemon [_thread_in_native, id=7796, stack(0x0000000016a10000,0x0000000016b10000)]
  0x00000000030e0000 JavaThread "Reference Handler" daemon [_thread_blocked, id=12552, stack(0x0000000016910000,0x0000000016a10000)]
  0x0000000002fee000 JavaThread "main" [_thread_blocked, id=7516, stack(0x0000000002ea0000,0x0000000002fa0000)]

Other Threads:
  0x0000000015787800 VMThread [stack: 0x0000000016810000,0x0000000016910000] [id=7844]
  0x000000001713e000 WatcherThread [stack: 0x0000000017600000,0x0000000017700000] [id=14312]

VM state:not at safepoint (normal execution)

VM Mutex/Monitor currently owned by a thread: None

Heap:
 PSYoungGen      total 242688K, used 1980K [0x00000000eab00000, 0x00000000ffe80000, 0x0000000100000000)
  eden space 230912K, 0% used [0x00000000eab00000,0x00000000eacef298,0x00000000f8c80000)
  from space 11776K, 0% used [0x00000000f8c80000,0x00000000f8c80000,0x00000000f9800000)
  to   space 58368K, 0% used [0x00000000fc580000,0x00000000fc580000,0x00000000ffe80000)
 ParOldGen       total 335872K, used 180659K [0x00000000c0000000, 0x00000000d4800000, 0x00000000eab00000)
  object space 335872K, 53% used [0x00000000c0000000,0x00000000cb06cdb8,0x00000000d4800000)
 Metaspace       used 271386K, capacity 273674K, committed 274164K, reserved 1271808K
  class space    used 51777K, capacity 52436K, committed 52524K, reserved 1048576K

Card table byte_map: [0x00000000124b0000,0x00000000126c0000] byte_map_base: 0x0000000011eb0000

Marking Bits: (ParMarkBitMap*) 0x000000005dfe0860
 Begin Bits: [0x0000000012c20000, 0x0000000013c20000)
 End Bits:   [0x0000000013c20000, 0x0000000014c20000)

Polling page: 0x0000000001630000

CodeCache: size=245760Kb used=89076Kb max_used=89579Kb free=156683Kb
 bounds [0x00000000030f0000, 0x00000000088e0000, 0x00000000120f0000]
 total_blobs=27633 nmethods=26753 adapters=793
 compilation: enabled

Compilation events (10 events):
Event: 1157.697 Thread 0x00000000157cc800 30783       3       org.jruby.RubyModule::calculateName (259 bytes)
Event: 1157.700 Thread 0x00000000157cc800 nmethod 30783 0x0000000007e7db50 code [0x0000000007e7ddc0, 0x0000000007e7f618]
Event: 1159.577 Thread 0x00000000157cc800 30784  s    3       java.security.Provider::getService (92 bytes)
Event: 1159.579 Thread 0x00000000157cc800 nmethod 30784 0x0000000007e7c950 code [0x0000000007e7cb60, 0x0000000007e7d708]
Event: 1159.579 Thread 0x00000000157cc800 30785       3       java.security.Provider$ServiceKey::matches (22 bytes)
Event: 1159.580 Thread 0x00000000157cc800 nmethod 30785 0x0000000007e7c590 code [0x0000000007e7c6e0, 0x0000000007e7c8d0]
Event: 1159.588 Thread 0x00000000157cc800 30786       3       sun.security.jca.Providers::getProviderList (14 bytes)
Event: 1159.590 Thread 0x00000000157cc800 nmethod 30786 0x0000000007e7bed0 code [0x0000000007e7c060, 0x0000000007e7c488]
Event: 1159.596 Thread 0x00000000157cc800 30787       3       java.security.Provider::access$1000 (4 bytes)
Event: 1159.597 Thread 0x00000000157cc800 nmethod 30787 0x0000000003883410 code [0x0000000003883560, 0x0000000003883690]

GC Heap History (10 events):
Event: 687.809 GC heap before
{Heap before GC invocations=27 (full 5):
 PSYoungGen      total 292864K, used 292807K [0x00000000eab00000, 0x0000000100000000, 0x0000000100000000)
  eden space 250880K, 100% used [0x00000000eab00000,0x00000000fa000000,0x00000000fa000000)
  from space 41984K, 99% used [0x00000000fa000000,0x00000000fc8f1f88,0x00000000fc900000)
  to   space 53248K, 0% used [0x00000000fcc00000,0x00000000fcc00000,0x0000000100000000)
 ParOldGen       total 241152K, used 105781K [0x00000000c0000000, 0x00000000ceb80000, 0x00000000eab00000)
  object space 241152K, 43% used [0x00000000c0000000,0x00000000c674d728,0x00000000ceb80000)
 Metaspace       used 216372K, capacity 218336K, committed 218540K, reserved 1226752K
  class space    used 40765K, capacity 41351K, committed 41388K, reserved 1048576K
Event: 687.950 GC heap after
Heap after GC invocations=27 (full 5):
 PSYoungGen      total 288768K, used 40010K [0x00000000eab00000, 0x0000000100000000, 0x0000000100000000)
  eden space 235520K, 0% used [0x00000000eab00000,0x00000000eab00000,0x00000000f9100000)
  from space 53248K, 75% used [0x00000000fcc00000,0x00000000ff312bd0,0x0000000100000000)
  to   space 56832K, 0% used [0x00000000f9100000,0x00000000f9100000,0x00000000fc880000)
 ParOldGen       total 241152K, used 123351K [0x00000000c0000000, 0x00000000ceb80000, 0x00000000eab00000)
  object space 241152K, 51% used [0x00000000c0000000,0x00000000c7875e20,0x00000000ceb80000)
 Metaspace       used 216372K, capacity 218336K, committed 218540K, reserved 1226752K
  class space    used 40765K, capacity 41351K, committed 41388K, reserved 1048576K
}
Event: 933.352 GC heap before
{Heap before GC invocations=28 (full 5):
 PSYoungGen      total 288768K, used 275530K [0x00000000eab00000, 0x0000000100000000, 0x0000000100000000)
  eden space 235520K, 100% used [0x00000000eab00000,0x00000000f9100000,0x00000000f9100000)
  from space 53248K, 75% used [0x00000000fcc00000,0x00000000ff312bd0,0x0000000100000000)
  to   space 56832K, 0% used [0x00000000f9100000,0x00000000f9100000,0x00000000fc880000)
 ParOldGen       total 241152K, used 123351K [0x00000000c0000000, 0x00000000ceb80000, 0x00000000eab00000)
  object space 241152K, 51% used [0x00000000c0000000,0x00000000c7875e20,0x00000000ceb80000)
 Metaspace       used 238916K, capacity 241032K, committed 241452K, reserved 1245184K
  class space    used 44927K, capacity 45539K, committed 45612K, reserved 1048576K
Event: 933.457 GC heap after
Heap after GC invocations=28 (full 5):
 PSYoungGen      total 274432K, used 38452K [0x00000000eab00000, 0x0000000100000000, 0x0000000100000000)
  eden space 235520K, 0% used [0x00000000eab00000,0x00000000eab00000,0x00000000f9100000)
  from space 38912K, 98% used [0x00000000f9100000,0x00000000fb68d148,0x00000000fb700000)
  to   space 59392K, 0% used [0x00000000fc600000,0x00000000fc600000,0x0000000100000000)
 ParOldGen       total 241152K, used 141120K [0x00000000c0000000, 0x00000000ceb80000, 0x00000000eab00000)
  object space 241152K, 58% used [0x00000000c0000000,0x00000000c89d01a0,0x00000000ceb80000)
 Metaspace       used 238916K, capacity 241032K, committed 241452K, reserved 1245184K
  class space    used 44927K, capacity 45539K, committed 45612K, reserved 1048576K
}
Event: 1127.204 GC heap before
{Heap before GC invocations=29 (full 5):
 PSYoungGen      total 274432K, used 273972K [0x00000000eab00000, 0x0000000100000000, 0x0000000100000000)
  eden space 235520K, 100% used [0x00000000eab00000,0x00000000f9100000,0x00000000f9100000)
  from space 38912K, 98% used [0x00000000f9100000,0x00000000fb68d148,0x00000000fb700000)
  to   space 59392K, 0% used [0x00000000fc600000,0x00000000fc600000,0x0000000100000000)
 ParOldGen       total 241152K, used 141120K [0x00000000c0000000, 0x00000000ceb80000, 0x00000000eab00000)
  object space 241152K, 58% used [0x00000000c0000000,0x00000000c89d01a0,0x00000000ceb80000)
 Metaspace       used 260648K, capacity 262890K, committed 263340K, reserved 1263616K
  class space    used 49050K, capacity 49727K, committed 49836K, reserved 1048576K
Event: 1127.330 GC heap after
Heap after GC invocations=29 (full 5):
 PSYoungGen      total 290304K, used 33832K [0x00000000eab00000, 0x0000000100000000, 0x0000000100000000)
  eden space 230912K, 0% used [0x00000000eab00000,0x00000000eab00000,0x00000000f8c80000)
  from space 59392K, 56% used [0x00000000fc600000,0x00000000fe70a298,0x0000000100000000)
  to   space 58880K, 0% used [0x00000000f8c80000,0x00000000f8c80000,0x00000000fc600000)
 ParOldGen       total 241152K, used 159189K [0x00000000c0000000, 0x00000000ceb80000, 0x00000000eab00000)
  object space 241152K, 66% used [0x00000000c0000000,0x00000000c9b75410,0x00000000ceb80000)
 Metaspace       used 260648K, capacity 262890K, committed 263340K, reserved 1263616K
  class space    used 49050K, capacity 49727K, committed 49836K, reserved 1048576K
}
Event: 1157.701 GC heap before
{Heap before GC invocations=30 (full 5):
 PSYoungGen      total 290304K, used 101555K [0x00000000eab00000, 0x0000000100000000, 0x0000000100000000)
  eden space 230912K, 29% used [0x00000000eab00000,0x00000000eed22ad0,0x00000000f8c80000)
  from space 59392K, 56% used [0x00000000fc600000,0x00000000fe70a298,0x0000000100000000)
  to   space 58880K, 0% used [0x00000000f8c80000,0x00000000f8c80000,0x00000000fc600000)
 ParOldGen       total 241152K, used 159189K [0x00000000c0000000, 0x00000000ceb80000, 0x00000000eab00000)
  object space 241152K, 66% used [0x00000000c0000000,0x00000000c9b75410,0x00000000ceb80000)
 Metaspace       used 271217K, capacity 273572K, committed 273780K, reserved 1271808K
  class space    used 51713K, capacity 52392K, committed 52396K, reserved 1048576K
Event: 1157.769 GC heap after
Heap after GC invocations=30 (full 5):
 PSYoungGen      total 242688K, used 11502K [0x00000000eab00000, 0x00000000ffe80000, 0x0000000100000000)
  eden space 230912K, 0% used [0x00000000eab00000,0x00000000eab00000,0x00000000f8c80000)
  from space 11776K, 97% used [0x00000000f8c80000,0x00000000f97bba08,0x00000000f9800000)
  to   space 58368K, 0% used [0x00000000fc580000,0x00000000fc580000,0x00000000ffe80000)
 ParOldGen       total 241152K, used 176157K [0x00000000c0000000, 0x00000000ceb80000, 0x00000000eab00000)
  object space 241152K, 73% used [0x00000000c0000000,0x00000000cac07518,0x00000000ceb80000)
 Metaspace       used 271217K, capacity 273572K, committed 273780K, reserved 1271808K
  class space    used 51713K, capacity 52392K, committed 52396K, reserved 1048576K
}
Event: 1157.769 GC heap before
{Heap before GC invocations=31 (full 6):
 PSYoungGen      total 242688K, used 11502K [0x00000000eab00000, 0x00000000ffe80000, 0x0000000100000000)
  eden space 230912K, 0% used [0x00000000eab00000,0x00000000eab00000,0x00000000f8c80000)
  from space 11776K, 97% used [0x00000000f8c80000,0x00000000f97bba08,0x00000000f9800000)
  to   space 58368K, 0% used [0x00000000fc580000,0x00000000fc580000,0x00000000ffe80000)
 ParOldGen       total 241152K, used 176157K [0x00000000c0000000, 0x00000000ceb80000, 0x00000000eab00000)
  object space 241152K, 73% used [0x00000000c0000000,0x00000000cac07518,0x00000000ceb80000)
 Metaspace       used 271217K, capacity 273572K, committed 273780K, reserved 1271808K
  class space    used 51713K, capacity 52392K, committed 52396K, reserved 1048576K
Event: 1159.572 GC heap after
Heap after GC invocations=31 (full 6):
 PSYoungGen      total 242688K, used 0K [0x00000000eab00000, 0x00000000ffe80000, 0x0000000100000000)
  eden space 230912K, 0% used [0x00000000eab00000,0x00000000eab00000,0x00000000f8c80000)
  from space 11776K, 0% used [0x00000000f8c80000,0x00000000f8c80000,0x00000000f9800000)
  to   space 58368K, 0% used [0x00000000fc580000,0x00000000fc580000,0x00000000ffe80000)
 ParOldGen       total 335872K, used 180659K [0x00000000c0000000, 0x00000000d4800000, 0x00000000eab00000)
  object space 335872K, 53% used [0x00000000c0000000,0x00000000cb06cdb8,0x00000000d4800000)
 Metaspace       used 271050K, capacity 273322K, committed 273780K, reserved 1271808K
  class space    used 51685K, capacity 52340K, committed 52396K, reserved 1048576K
}

Deoptimization events (10 events):
Event: 992.576 Thread 0x000000001a764800 Uncommon trap: reason=unstable_if action=reinterpret pc=0x00000000086f9a8c method=org.joni.ByteCodeMachine.opFail()V @ 4
Event: 992.592 Thread 0x000000001a764800 Uncommon trap: reason=class_check action=maybe_recompile pc=0x00000000086f88b8 method=org.jruby.runtime.scope.ManyVarsDynamicScope.getValue(II)Lorg/jruby/runtime/builtin/IRubyObject; @ 12
Event: 992.593 Thread 0x000000001a764800 Uncommon trap: reason=class_check action=maybe_recompile pc=0x00000000086f88b8 method=org.jruby.runtime.scope.ManyVarsDynamicScope.getValue(II)Lorg/jruby/runtime/builtin/IRubyObject; @ 12
Event: 992.600 Thread 0x000000001a764800 Uncommon trap: reason=class_check action=maybe_recompile pc=0x00000000086f88b8 method=org.jruby.runtime.scope.ManyVarsDynamicScope.getValue(II)Lorg/jruby/runtime/builtin/IRubyObject; @ 12
Event: 992.600 Thread 0x000000001a764800 Uncommon trap: reason=class_check action=maybe_recompile pc=0x00000000086f88b8 method=org.jruby.runtime.scope.ManyVarsDynamicScope.getValue(II)Lorg/jruby/runtime/builtin/IRubyObject; @ 12
Event: 993.107 Thread 0x000000001a764800 Uncommon trap: reason=unstable_if action=reinterpret pc=0x00000000088abcb0 method=org.joni.ByteCodeMachine.opFail()V @ 4
Event: 1127.336 Thread 0x00000000030eb000 Uncommon trap: reason=null_check action=make_not_entrant pc=0x00000000081b2bdc method=org.jruby.internal.runtime.ThreadService.getCurrentContext()Lorg/jruby/runtime/ThreadContext; @ 15
Event: 1159.576 Thread 0x00000000030eb000 Uncommon trap: reason=null_check action=make_not_entrant pc=0x0000000004929bec method=java.lang.ThreadLocal$ThreadLocalMap.getEntryAfterMiss(Ljava/lang/ThreadLocal;ILjava/lang/ThreadLocal$ThreadLocalMap$Entry;)Ljava/lang/ThreadLocal$ThreadLocalMap$Entry; 
Event: 1159.587 Thread 0x00000000030eb000 Uncommon trap: reason=null_check action=make_not_entrant pc=0x0000000004428a34 method=java.lang.ThreadLocal$ThreadLocalMap.getEntryAfterMiss(Ljava/lang/ThreadLocal;ILjava/lang/ThreadLocal$ThreadLocalMap$Entry;)Ljava/lang/ThreadLocal$ThreadLocalMap$Entry; 
Event: 1159.592 Thread 0x00000000030eb000 Uncommon trap: reason=null_check action=make_not_entrant pc=0x0000000005097058 method=org.jruby.internal.runtime.ThreadService.getCurrentContext()Lorg/jruby/runtime/ThreadContext; @ 15

Classes redefined (0 events):
No events

Internal exceptions (10 events):
Event: 992.576 Thread 0x000000001a764800 Implicit null exception at 0x00000000086f94f5 to 0x00000000086f9a79
Event: 993.107 Thread 0x000000001a764800 Implicit null exception at 0x00000000088a7aa2 to 0x00000000088abc95
Event: 1155.385 Thread 0x000000001a75e800 NullPointerException at vtable entry 0x00000000034d7a87
Event: 1155.386 Thread 0x000000001a75e800 Exception <a 'java/lang/NullPointerException'> (0x00000000eb0cc668) thrown at [C:\re\workspace\8-2-build-windows-amd64-cygwin\jdk8u162\10278\hotspot\src\share\vm\runtime\sharedRuntime.cpp, line 605]
Event: 1155.390 Thread 0x000000001a75e800 NullPointerException at vtable entry 0x00000000034d7a87
Event: 1155.390 Thread 0x000000001a75e800 Exception <a 'java/lang/NullPointerException'> (0x00000000eb0d1f20) thrown at [C:\re\workspace\8-2-build-windows-amd64-cygwin\jdk8u162\10278\hotspot\src\share\vm\runtime\sharedRuntime.cpp, line 605]
Event: 1155.525 Thread 0x000000001a75e800 Exception <a 'java/lang/ClassNotFoundException': org/asciidoctor/Asciidoctor$FactoryBeanInfo> (0x00000000eb34c438) thrown at [C:\re\workspace\8-2-build-windows-amd64-cygwin\jdk8u162\10278\hotspot\src\share\vm\classfile\systemDictionary.cpp, line 210]
Event: 1155.526 Thread 0x000000001a75e800 Exception <a 'java/lang/ClassNotFoundException': org/asciidoctor/Asciidoctor$FactoryCustomizer> (0x00000000eb3525d8) thrown at [C:\re\workspace\8-2-build-windows-amd64-cygwin\jdk8u162\10278\hotspot\src\share\vm\classfile\systemDictionary.cpp, line 210]
Event: 1159.576 Thread 0x00000000030eb000 Implicit null exception at 0x0000000004929a5f to 0x0000000004929bc9
Event: 1159.587 Thread 0x00000000030eb000 Implicit null exception at 0x000000000442889e to 0x0000000004428a11

Events (10 events):
Event: 1159.593 Executing VM operation: RevokeBias done
Event: 1159.593 Executing VM operation: RevokeBias
Event: 1159.593 Executing VM operation: RevokeBias done
Event: 1159.594 Executing VM operation: RevokeBias
Event: 1159.594 Executing VM operation: RevokeBias done
Event: 1159.594 Thread 0x00000000157cc800 flushing nmethod 0x0000000003879110
Event: 1159.594 Thread 0x00000000157cc800 flushing nmethod 0x0000000003882fd0
Event: 1159.594 Thread 0x00000000157cc800 flushing nmethod 0x000000000389d690
Event: 1159.595 Thread 0x00000000157cc800 flushing nmethod 0x000000000397d1d0
Event: 1159.595 Thread 0x00000000157cc800 flushing nmethod 0x00000000039e5310


Dynamic libraries:
0x00007ff7a3830000 - 0x00007ff7a3867000 	C:\Program Files\Java\jdk1.8.0_162\bin\java.exe
0x00007ffc08400000 - 0x00007ffc085db000 	C:\windows\SYSTEM32\ntdll.dll
0x00007ffc07e90000 - 0x00007ffc07f3e000 	C:\windows\System32\KERNEL32.DLL
0x00007ffc05560000 - 0x00007ffc057a9000 	C:\windows\System32\KERNELBASE.dll
0x00007ffc07b20000 - 0x00007ffc07bc1000 	C:\windows\System32\ADVAPI32.dll
0x00007ffc08100000 - 0x00007ffc0819d000 	C:\windows\System32\msvcrt.dll
0x00007ffc07dd0000 - 0x00007ffc07e29000 	C:\windows\System32\sechost.dll
0x00007ffc05e50000 - 0x00007ffc05f75000 	C:\windows\System32\RPCRT4.dll
0x00007ffc07840000 - 0x00007ffc0798a000 	C:\windows\System32\USER32.dll
0x00007ffc04920000 - 0x00007ffc0493e000 	C:\windows\System32\win32u.dll
0x00007ffc07af0000 - 0x00007ffc07b17000 	C:\windows\System32\GDI32.dll
0x00007ffc04bd0000 - 0x00007ffc04d57000 	C:\windows\System32\gdi32full.dll
0x00007ffc054c0000 - 0x00007ffc0555a000 	C:\windows\System32\msvcp_win.dll
0x00007ffc057b0000 - 0x00007ffc058a6000 	C:\windows\System32\ucrtbase.dll
0x00007ffbffc40000 - 0x00007ffbffea7000 	C:\windows\WinSxS\amd64_microsoft.windows.common-controls_6595b64144ccf1df_6.0.15063.483_none_26002d27e7c744a2\COMCTL32.dll
0x00007ffc05fe0000 - 0x00007ffc062d9000 	C:\windows\System32\combase.dll
0x00007ffc04940000 - 0x00007ffc049aa000 	C:\windows\System32\bcryptPrimitives.dll
0x00007ffc07720000 - 0x00007ffc0774d000 	C:\windows\System32\IMM32.DLL
0x00007ffbf5d80000 - 0x00007ffbf5e27000 	C:\Program Files\McAfee\Host Intrusion Prevention\HcApi.dll
0x0000000060510000 - 0x000000006051c000 	C:\Program Files\McAfee\Host Intrusion Prevention\HcThe.dll
0x000000005f5f0000 - 0x000000005f6c1000 	C:\Program Files\Java\jdk1.8.0_162\jre\bin\msvcr100.dll
0x000000005d7c0000 - 0x000000005e060000 	C:\Program Files\Java\jdk1.8.0_162\jre\bin\server\jvm.dll
0x00007ffc05e40000 - 0x00007ffc05e48000 	C:\windows\System32\PSAPI.DLL
0x00007ffbfe960000 - 0x00007ffbfe96a000 	C:\windows\SYSTEM32\VERSION.dll
0x00007ffbfa160000 - 0x00007ffbfa169000 	C:\windows\SYSTEM32\WSOCK32.dll
0x00007ffbff8a0000 - 0x00007ffbff8c3000 	C:\windows\SYSTEM32\WINMM.dll
0x00007ffc07bd0000 - 0x00007ffc07c3c000 	C:\windows\System32\WS2_32.dll
0x00007ffbff840000 - 0x00007ffbff86b000 	C:\windows\SYSTEM32\WINMMBASE.dll
0x00007ffc049b0000 - 0x00007ffc049f9000 	C:\windows\System32\cfgmgr32.dll
0x000000005f5e0000 - 0x000000005f5ef000 	C:\Program Files\Java\jdk1.8.0_162\jre\bin\verify.dll
0x000000005f5b0000 - 0x000000005f5d9000 	C:\Program Files\Java\jdk1.8.0_162\jre\bin\java.dll
0x000000005f590000 - 0x000000005f5a6000 	C:\Program Files\Java\jdk1.8.0_162\jre\bin\zip.dll
0x00007ffc062e0000 - 0x00007ffc07717000 	C:\windows\System32\SHELL32.dll
0x00007ffc07f40000 - 0x00007ffc07fea000 	C:\windows\System32\shcore.dll
0x00007ffc04d60000 - 0x00007ffc05451000 	C:\windows\System32\windows.storage.dll
0x00007ffc05f80000 - 0x00007ffc05fd1000 	C:\windows\System32\shlwapi.dll
0x00007ffc04890000 - 0x00007ffc048a1000 	C:\windows\System32\kernel.appcore.dll
0x00007ffc048b0000 - 0x00007ffc048fc000 	C:\windows\System32\powrprof.dll
0x00007ffc04870000 - 0x00007ffc04885000 	C:\windows\System32\profapi.dll
0x000000005f190000 - 0x000000005f1aa000 	C:\Program Files\Java\jdk1.8.0_162\jre\bin\net.dll
0x00007ffc03df0000 - 0x00007ffc03e4c000 	C:\windows\system32\mswsock.dll
0x000000005f170000 - 0x000000005f181000 	C:\Program Files\Java\jdk1.8.0_162\jre\bin\nio.dll
0x00007ffbffc20000 - 0x00007ffbffc3e000 	C:\Users\rosasvil\.gradle\native\25\windows-amd64\native-platform.dll
0x000000005f160000 - 0x000000005f16d000 	C:\Program Files\Java\jdk1.8.0_162\jre\bin\management.dll
0x00007ffc04280000 - 0x00007ffc04297000 	C:\windows\SYSTEM32\CRYPTSP.dll
0x00007ffc03a20000 - 0x00007ffc03a54000 	C:\windows\system32\rsaenh.dll
0x00007ffc042a0000 - 0x00007ffc042c5000 	C:\windows\SYSTEM32\bcrypt.dll
0x00007ffc047a0000 - 0x00007ffc047c9000 	C:\windows\SYSTEM32\USERENV.dll
0x00007ffc03f90000 - 0x00007ffc03f9b000 	C:\windows\SYSTEM32\CRYPTBASE.dll
0x00007ffc03b90000 - 0x00007ffc03bc7000 	C:\windows\SYSTEM32\IPHLPAPI.DLL
0x00007ffc07990000 - 0x00007ffc07998000 	C:\windows\System32\NSI.dll
0x00007ffbff720000 - 0x00007ffbff736000 	C:\windows\SYSTEM32\dhcpcsvc6.DLL
0x00007ffbff500000 - 0x00007ffbff51a000 	C:\windows\SYSTEM32\dhcpcsvc.DLL
0x0000000001520000 - 0x000000000153f000 	C:\Users\rosasvil\AppData\Local\Temp\jffi5668006685350030288.dll
0x0000000001540000 - 0x000000000155f000 	C:\Users\rosasvil\AppData\Local\Temp\jffi3212851223672022978.dll
0x0000000001560000 - 0x000000000157f000 	C:\Users\rosasvil\AppData\Local\Temp\jffi5725764569489153937.dll
0x0000000001580000 - 0x000000000159f000 	C:\Users\rosasvil\AppData\Local\Temp\jffi952316343838533624.dll
0x00000000015a0000 - 0x00000000015bf000 	C:\Users\rosasvil\AppData\Local\Temp\jffi3594380540790700913.dll
0x0000000001690000 - 0x00000000016af000 	C:\Users\rosasvil\AppData\Local\Temp\jffi7268968878703048291.dll
0x00000000016c0000 - 0x00000000016df000 	C:\Users\rosasvil\AppData\Local\Temp\jffi2097785368022601819.dll
0x00007ffc04440000 - 0x00007ffc045e9000 	C:\windows\SYSTEM32\dbghelp.dll

VM Arguments:
jvm_args: -XX:+HeapDumpOnOutOfMemoryError -Xmx1024m -Dfile.encoding=windows-1252 -Duser.country=US -Duser.language=en -Duser.variant 
java_command: org.gradle.launcher.daemon.bootstrap.GradleDaemon 4.5.1
java_class_path (initial): C:\Program Files\Gradle\gradle-4.5.1\lib\gradle-launcher-4.5.1.jar
Launcher Type: SUN_STANDARD

Environment Variables:
CLASSPATH=C:\Program Files\Gradle\gradle-4.5.1\bin\..\lib\gradle-launcher-4.5.1.jar
PATH=C:\ProgramData\Oracle\Java\javapath;C:\windows\system32;C:\windows;C:\windows\System32\Wbem;C:\windows\System32\WindowsPowerShell\v1.0\;C:\Program Files\Gradle\gradle-4.5.1\bin;C:\Program Files\Maven\apache-maven-3.5.2\bin;C:\Users\rosasvil\AppData\Local\Microsoft\WindowsApps;
USERNAME=rosasvil
OS=Windows_NT
PROCESSOR_IDENTIFIER=AMD64 Family 21 Model 96 Stepping 1, AuthenticAMD



---------------  S Y S T E M  ---------------

OS: Windows 10.0 , 64 bit Build 15063 (10.0.15063.296)

CPU:total 4 (initial active 4) (4 cores per cpu, 1 threads per core) family 21 model 96 stepping 1, cmov, cx8, fxsr, mmx, sse, sse2, sse3, ssse3, sse4.1, sse4.2, popcnt, avx, avx2, aes, clmul, mmxext, 3dnowpref, lzcnt, sse4a, tsc, tscinvbit, tscinv, bmi1

Memory: 4k page, physical 7776616k(1317836k free), swap 9676008k(1452912k free)

vm_info: Java HotSpot(TM) 64-Bit Server VM (25.162-b12) for windows-amd64 JRE (1.8.0_162-b12), built on Dec 19 2017 20:00:03 by "java_re" with MS VC++ 10.0 (VS2010)

time: Wed Feb 21 15:33:20 2018
elapsed time: 1159 seconds (0d 0h 19m 19s)

